2025-12-04 07:15:07,114 INFO o.a.j.u.JMeterUtils: Setting Locale to en_EN
2025-12-04 07:15:07,142 INFO o.a.j.JMeter: Loading user properties from: /opt/jmeter/bin/user.properties
2025-12-04 07:15:07,144 INFO o.a.j.JMeter: Loading system properties from: /opt/jmeter/bin/system.properties
2025-12-04 07:15:07,144 INFO o.a.j.JMeter: Setting JMeter property: jmeter.save.saveservice.output_format=csv
2025-12-04 07:15:07,144 INFO o.a.j.JMeter: Setting JMeter property: jmeter.save.saveservice.autoflush=true
2025-12-04 07:15:07,152 INFO o.a.j.JMeter: Copyright (c) 1998-2023 The Apache Software Foundation
2025-12-04 07:15:07,152 INFO o.a.j.JMeter: Version 5.6.2
2025-12-04 07:15:07,152 INFO o.a.j.JMeter: java.version=11.0.29
2025-12-04 07:15:07,153 INFO o.a.j.JMeter: java.vm.name=OpenJDK 64-Bit Server VM
2025-12-04 07:15:07,153 INFO o.a.j.JMeter: os.name=Linux
2025-12-04 07:15:07,153 INFO o.a.j.JMeter: os.arch=amd64
2025-12-04 07:15:07,153 INFO o.a.j.JMeter: os.version=6.6.87.2-microsoft-standard-WSL2
2025-12-04 07:15:07,153 INFO o.a.j.JMeter: file.encoding=UTF-8
2025-12-04 07:15:07,154 INFO o.a.j.JMeter: java.awt.headless=true
2025-12-04 07:15:07,154 INFO o.a.j.JMeter: Max memory     =1073741824
2025-12-04 07:15:07,154 INFO o.a.j.JMeter: Available Processors =8
2025-12-04 07:15:07,163 INFO o.a.j.JMeter: Default Locale=English (EN)
2025-12-04 07:15:07,163 INFO o.a.j.JMeter: JMeter  Locale=English (EN)
2025-12-04 07:15:07,164 INFO o.a.j.JMeter: JMeterHome=/opt/jmeter
2025-12-04 07:15:07,164 INFO o.a.j.JMeter: user.dir  =/tmp/jmx_controller_sessions/15e2127dd9ec45c890a32741ac4faa04
2025-12-04 07:15:07,164 INFO o.a.j.JMeter: PWD       =/tmp/jmx_controller_sessions/15e2127dd9ec45c890a32741ac4faa04
2025-12-04 07:15:07,165 INFO o.a.j.JMeter: IP: 172.18.0.2 Name: ecadca23ea31 FullName: ecadca23ea31
2025-12-04 07:15:07,184 INFO o.a.j.s.FileServer: Default base='/tmp/jmx_controller_sessions/15e2127dd9ec45c890a32741ac4faa04'
2025-12-04 07:15:07,186 INFO o.a.j.s.FileServer: Set new base='/tmp/jmx_controller_sessions/15e2127dd9ec45c890a32741ac4faa04'
2025-12-04 07:15:07,395 INFO o.a.j.s.SaveService: Testplan (JMX) version: 2.2. Testlog (JTL) version: 2.2
2025-12-04 07:15:07,425 INFO o.a.j.s.SaveService: Using SaveService properties version 5.0
2025-12-04 07:15:07,428 INFO o.a.j.s.SaveService: Using SaveService properties file encoding UTF-8
2025-12-04 07:15:07,432 INFO o.a.j.s.SaveService: Loading file: /tmp/jmx_controller_sessions/15e2127dd9ec45c890a32741ac4faa04/dummy.jmx
2025-12-04 07:15:07,495 INFO o.a.j.p.h.s.HTTPSamplerBase: Parser for text/html is org.apache.jmeter.protocol.http.parser.LagartoBasedHtmlParser
2025-12-04 07:15:07,496 INFO o.a.j.p.h.s.HTTPSamplerBase: Parser for application/xhtml+xml is org.apache.jmeter.protocol.http.parser.LagartoBasedHtmlParser
2025-12-04 07:15:07,496 INFO o.a.j.p.h.s.HTTPSamplerBase: Parser for application/xml is org.apache.jmeter.protocol.http.parser.LagartoBasedHtmlParser
2025-12-04 07:15:07,496 INFO o.a.j.p.h.s.HTTPSamplerBase: Parser for text/xml is org.apache.jmeter.protocol.http.parser.LagartoBasedHtmlParser
2025-12-04 07:15:07,497 INFO o.a.j.p.h.s.HTTPSamplerBase: Parser for text/vnd.wap.wml is org.apache.jmeter.protocol.http.parser.RegexpHTMLParser
2025-12-04 07:15:07,497 INFO o.a.j.p.h.s.HTTPSamplerBase: Parser for text/css is org.apache.jmeter.protocol.http.parser.CssParser
2025-12-04 07:15:07,506 INFO o.a.j.JMeter: Creating summariser <summary>
2025-12-04 07:15:07,523 INFO o.a.j.e.StandardJMeterEngine: Running the test!
2025-12-04 07:15:07,525 INFO o.a.j.s.SampleEvent: List of sample_variables: []
2025-12-04 07:15:07,525 INFO o.a.j.s.SampleEvent: List of sample_variables: []
2025-12-04 07:15:07,543 INFO o.a.j.e.u.CompoundVariable: Note: Function class names must contain the string: '.functions.'
2025-12-04 07:15:07,543 INFO o.a.j.e.u.CompoundVariable: Note: Function class names must not contain the string: '.gui.'
2025-12-04 07:15:07,827 INFO o.a.j.JMeter: Running test (1764832507827)
2025-12-04 07:15:07,872 INFO o.a.j.e.StandardJMeterEngine: Starting ThreadGroup: 1 : Dummy Thread Group
2025-12-04 07:15:07,873 INFO o.a.j.e.StandardJMeterEngine: Starting 1 threads for group Dummy Thread Group.
2025-12-04 07:15:07,873 INFO o.a.j.e.StandardJMeterEngine: Thread will continue on error
2025-12-04 07:15:07,874 INFO o.a.j.t.ThreadGroup: Starting thread group... number=1 threads=1 ramp-up=1 delayedStart=false
2025-12-04 07:15:07,878 INFO o.a.j.t.ThreadGroup: Started thread group number 1
2025-12-04 07:15:07,878 INFO o.a.j.e.StandardJMeterEngine: All thread groups have been started
2025-12-04 07:15:07,886 INFO o.a.j.t.JMeterThread: Thread started: Dummy Thread Group 1-1
2025-12-04 07:15:07,911 INFO o.a.j.p.h.s.HTTPHCAbstractImpl: Local host = ecadca23ea31
2025-12-04 07:15:07,920 INFO o.a.j.p.h.s.HTTPHC4Impl: HTTP request retry count = 0
2025-12-04 07:15:07,921 INFO o.a.j.s.SampleResult: Note: Sample TimeStamps are START times
2025-12-04 07:15:07,922 INFO o.a.j.s.SampleResult: sampleresult.default.encoding is set to UTF-8
2025-12-04 07:15:07,922 INFO o.a.j.s.SampleResult: sampleresult.useNanoTime=true
2025-12-04 07:15:07,923 INFO o.a.j.s.SampleResult: sampleresult.nanoThreadSleep=5000
2025-12-04 07:15:09,879 INFO o.a.j.t.JMeterThread: Thread is done: Dummy Thread Group 1-1
2025-12-04 07:15:09,879 INFO o.a.j.t.JMeterThread: Thread finished: Dummy Thread Group 1-1
2025-12-04 07:15:09,880 INFO o.a.j.e.StandardJMeterEngine: Notifying test listeners of end of test
2025-12-04 07:15:09,883 INFO o.a.j.r.Summariser: summary =      3 in 00:00:02 =    1.5/s Avg:   622 Min:   580 Max:   678 Err:     0 (0.00%)
