2025-12-03 14:37:21,151 INFO o.a.j.u.JMeterUtils: Setting Locale to en_EN
2025-12-03 14:37:21,183 INFO o.a.j.JMeter: Loading user properties from: /opt/jmeter/bin/user.properties
2025-12-03 14:37:21,184 INFO o.a.j.JMeter: Loading system properties from: /opt/jmeter/bin/system.properties
2025-12-03 14:37:21,186 INFO o.a.j.JMeter: Setting JMeter property: jmeter.save.saveservice.output_format=csv
2025-12-03 14:37:21,187 INFO o.a.j.JMeter: Setting JMeter property: jmeter.save.saveservice.autoflush=true
2025-12-03 14:37:21,202 INFO o.a.j.JMeter: Copyright (c) 1998-2023 The Apache Software Foundation
2025-12-03 14:37:21,203 INFO o.a.j.JMeter: Version 5.6.2
2025-12-03 14:37:21,204 INFO o.a.j.JMeter: java.version=11.0.29
2025-12-03 14:37:21,204 INFO o.a.j.JMeter: java.vm.name=OpenJDK 64-Bit Server VM
2025-12-03 14:37:21,205 INFO o.a.j.JMeter: os.name=Linux
2025-12-03 14:37:21,205 INFO o.a.j.JMeter: os.arch=amd64
2025-12-03 14:37:21,205 INFO o.a.j.JMeter: os.version=6.6.87.2-microsoft-standard-WSL2
2025-12-03 14:37:21,205 INFO o.a.j.JMeter: file.encoding=UTF-8
2025-12-03 14:37:21,206 INFO o.a.j.JMeter: java.awt.headless=true
2025-12-03 14:37:21,206 INFO o.a.j.JMeter: Max memory     =1073741824
2025-12-03 14:37:21,206 INFO o.a.j.JMeter: Available Processors =8
2025-12-03 14:37:21,218 INFO o.a.j.JMeter: Default Locale=English (EN)
2025-12-03 14:37:21,218 INFO o.a.j.JMeter: JMeter  Locale=English (EN)
2025-12-03 14:37:21,219 INFO o.a.j.JMeter: JMeterHome=/opt/jmeter
2025-12-03 14:37:21,219 INFO o.a.j.JMeter: user.dir  =/tmp/jmx_controller_sessions/aac231ab062c449f9a748d5a144f15fd
2025-12-03 14:37:21,219 INFO o.a.j.JMeter: PWD       =/tmp/jmx_controller_sessions/aac231ab062c449f9a748d5a144f15fd
2025-12-03 14:37:21,220 INFO o.a.j.JMeter: IP: 172.18.0.2 Name: 4f01ce84063d FullName: 4f01ce84063d
2025-12-03 14:37:21,239 INFO o.a.j.s.FileServer: Default base='/tmp/jmx_controller_sessions/aac231ab062c449f9a748d5a144f15fd'
2025-12-03 14:37:21,242 INFO o.a.j.s.FileServer: Set new base='/tmp/jmx_controller_sessions/aac231ab062c449f9a748d5a144f15fd'
2025-12-03 14:37:21,476 INFO o.a.j.s.SaveService: Testplan (JMX) version: 2.2. Testlog (JTL) version: 2.2
2025-12-03 14:37:21,514 INFO o.a.j.s.SaveService: Using SaveService properties version 5.0
2025-12-03 14:37:21,518 INFO o.a.j.s.SaveService: Using SaveService properties file encoding UTF-8
2025-12-03 14:37:21,523 INFO o.a.j.s.SaveService: Loading file: /tmp/jmx_controller_sessions/aac231ab062c449f9a748d5a144f15fd/dummy1.jmx
2025-12-03 14:37:21,599 INFO o.a.j.p.h.s.HTTPSamplerBase: Parser for text/html is org.apache.jmeter.protocol.http.parser.LagartoBasedHtmlParser
2025-12-03 14:37:21,600 INFO o.a.j.p.h.s.HTTPSamplerBase: Parser for application/xhtml+xml is org.apache.jmeter.protocol.http.parser.LagartoBasedHtmlParser
2025-12-03 14:37:21,600 INFO o.a.j.p.h.s.HTTPSamplerBase: Parser for application/xml is org.apache.jmeter.protocol.http.parser.LagartoBasedHtmlParser
2025-12-03 14:37:21,600 INFO o.a.j.p.h.s.HTTPSamplerBase: Parser for text/xml is org.apache.jmeter.protocol.http.parser.LagartoBasedHtmlParser
2025-12-03 14:37:21,600 INFO o.a.j.p.h.s.HTTPSamplerBase: Parser for text/vnd.wap.wml is org.apache.jmeter.protocol.http.parser.RegexpHTMLParser
2025-12-03 14:37:21,600 INFO o.a.j.p.h.s.HTTPSamplerBase: Parser for text/css is org.apache.jmeter.protocol.http.parser.CssParser
2025-12-03 14:37:21,618 INFO o.a.j.JMeter: Creating summariser <summary>
2025-12-03 14:37:21,650 INFO o.a.j.e.StandardJMeterEngine: Running the test!
2025-12-03 14:37:21,652 INFO o.a.j.s.SampleEvent: List of sample_variables: []
2025-12-03 14:37:21,653 INFO o.a.j.s.SampleEvent: List of sample_variables: []
2025-12-03 14:37:21,683 INFO o.a.j.e.u.CompoundVariable: Note: Function class names must contain the string: '.functions.'
2025-12-03 14:37:21,684 INFO o.a.j.e.u.CompoundVariable: Note: Function class names must not contain the string: '.gui.'
2025-12-03 14:37:22,075 INFO o.a.j.JMeter: Running test (1764772642074)
2025-12-03 14:37:22,103 INFO o.a.j.e.StandardJMeterEngine: Starting ThreadGroup: 1 : Load Users
2025-12-03 14:37:22,103 INFO o.a.j.e.StandardJMeterEngine: Starting 50 threads for group Load Users.
2025-12-03 14:37:22,104 INFO o.a.j.e.StandardJMeterEngine: Thread will continue on error
2025-12-03 14:37:22,104 INFO o.a.j.t.ThreadGroup: Starting thread group... number=1 threads=50 ramp-up=20 delayedStart=false
2025-12-03 14:37:22,145 INFO o.a.j.t.JMeterThread: Thread started: Load Users 1-1
2025-12-03 14:37:22,191 INFO o.a.j.t.ThreadGroup: Started thread group number 1
2025-12-03 14:37:22,195 INFO o.a.j.e.StandardJMeterEngine: All thread groups have been started
2025-12-03 14:37:22,204 INFO o.a.j.p.h.s.HTTPHCAbstractImpl: Local host = 4f01ce84063d
2025-12-03 14:37:22,216 INFO o.a.j.p.h.s.HTTPHC4Impl: HTTP request retry count = 0
2025-12-03 14:37:22,219 INFO o.a.j.s.SampleResult: Note: Sample TimeStamps are START times
2025-12-03 14:37:22,220 INFO o.a.j.s.SampleResult: sampleresult.default.encoding is set to UTF-8
2025-12-03 14:37:22,220 INFO o.a.j.s.SampleResult: sampleresult.useNanoTime=true
2025-12-03 14:37:22,221 INFO o.a.j.s.SampleResult: sampleresult.nanoThreadSleep=5000
2025-12-03 14:37:22,516 INFO o.a.j.t.JMeterThread: Thread is done: Load Users 1-1
2025-12-03 14:37:22,517 INFO o.a.j.t.JMeterThread: Thread finished: Load Users 1-1
2025-12-03 14:37:22,538 INFO o.a.j.t.JMeterThread: Thread started: Load Users 1-2
2025-12-03 14:37:22,616 INFO o.a.j.t.JMeterThread: Thread is done: Load Users 1-2
2025-12-03 14:37:22,617 INFO o.a.j.t.JMeterThread: Thread finished: Load Users 1-2
2025-12-03 14:37:22,932 INFO o.a.j.t.JMeterThread: Thread started: Load Users 1-3
2025-12-03 14:37:23,046 INFO o.a.j.t.JMeterThread: Thread is done: Load Users 1-3
2025-12-03 14:37:23,047 INFO o.a.j.t.JMeterThread: Thread finished: Load Users 1-3
2025-12-03 14:37:23,331 INFO o.a.j.t.JMeterThread: Thread started: Load Users 1-4
2025-12-03 14:37:23,369 INFO o.a.j.t.JMeterThread: Thread is done: Load Users 1-4
2025-12-03 14:37:23,369 INFO o.a.j.t.JMeterThread: Thread finished: Load Users 1-4
2025-12-03 14:37:23,725 INFO o.a.j.t.JMeterThread: Thread started: Load Users 1-5
2025-12-03 14:37:23,765 INFO o.a.j.t.JMeterThread: Thread is done: Load Users 1-5
2025-12-03 14:37:23,765 INFO o.a.j.t.JMeterThread: Thread finished: Load Users 1-5
2025-12-03 14:37:24,121 INFO o.a.j.t.JMeterThread: Thread started: Load Users 1-6
2025-12-03 14:37:24,164 INFO o.a.j.t.JMeterThread: Thread is done: Load Users 1-6
2025-12-03 14:37:24,164 INFO o.a.j.t.JMeterThread: Thread finished: Load Users 1-6
2025-12-03 14:37:24,513 INFO o.a.j.t.JMeterThread: Thread started: Load Users 1-7
2025-12-03 14:37:24,550 INFO o.a.j.t.JMeterThread: Thread is done: Load Users 1-7
2025-12-03 14:37:24,550 INFO o.a.j.t.JMeterThread: Thread finished: Load Users 1-7
2025-12-03 14:37:24,912 INFO o.a.j.t.JMeterThread: Thread started: Load Users 1-8
2025-12-03 14:37:24,944 INFO o.a.j.t.JMeterThread: Thread is done: Load Users 1-8
2025-12-03 14:37:24,944 INFO o.a.j.t.JMeterThread: Thread finished: Load Users 1-8
2025-12-03 14:37:25,310 INFO o.a.j.t.JMeterThread: Thread started: Load Users 1-9
2025-12-03 14:37:25,346 INFO o.a.j.t.JMeterThread: Thread is done: Load Users 1-9
2025-12-03 14:37:25,346 INFO o.a.j.t.JMeterThread: Thread finished: Load Users 1-9
2025-12-03 14:37:25,713 INFO o.a.j.t.JMeterThread: Thread started: Load Users 1-10
2025-12-03 14:37:25,756 INFO o.a.j.t.JMeterThread: Thread is done: Load Users 1-10
2025-12-03 14:37:25,757 INFO o.a.j.t.JMeterThread: Thread finished: Load Users 1-10
2025-12-03 14:37:26,110 INFO o.a.j.t.JMeterThread: Thread started: Load Users 1-11
2025-12-03 14:37:26,188 INFO o.a.j.t.JMeterThread: Thread is done: Load Users 1-11
2025-12-03 14:37:26,190 INFO o.a.j.t.JMeterThread: Thread finished: Load Users 1-11
2025-12-03 14:37:26,507 INFO o.a.j.t.JMeterThread: Thread started: Load Users 1-12
2025-12-03 14:37:26,560 INFO o.a.j.t.JMeterThread: Thread is done: Load Users 1-12
2025-12-03 14:37:26,561 INFO o.a.j.t.JMeterThread: Thread finished: Load Users 1-12
2025-12-03 14:37:26,906 INFO o.a.j.t.JMeterThread: Thread started: Load Users 1-13
2025-12-03 14:37:26,951 INFO o.a.j.t.JMeterThread: Thread is done: Load Users 1-13
2025-12-03 14:37:26,951 INFO o.a.j.t.JMeterThread: Thread finished: Load Users 1-13
2025-12-03 14:37:27,308 INFO o.a.j.t.JMeterThread: Thread started: Load Users 1-14
2025-12-03 14:37:27,367 INFO o.a.j.t.JMeterThread: Thread is done: Load Users 1-14
2025-12-03 14:37:27,369 INFO o.a.j.t.JMeterThread: Thread finished: Load Users 1-14
2025-12-03 14:37:27,708 INFO o.a.j.t.JMeterThread: Thread started: Load Users 1-15
2025-12-03 14:37:27,755 INFO o.a.j.t.JMeterThread: Thread is done: Load Users 1-15
2025-12-03 14:37:27,756 INFO o.a.j.t.JMeterThread: Thread finished: Load Users 1-15
2025-12-03 14:37:28,108 INFO o.a.j.t.JMeterThread: Thread started: Load Users 1-16
2025-12-03 14:37:28,139 INFO o.a.j.t.JMeterThread: Thread is done: Load Users 1-16
2025-12-03 14:37:28,139 INFO o.a.j.t.JMeterThread: Thread finished: Load Users 1-16
2025-12-03 14:37:28,508 INFO o.a.j.t.JMeterThread: Thread started: Load Users 1-17
2025-12-03 14:37:28,539 INFO o.a.j.t.JMeterThread: Thread is done: Load Users 1-17
2025-12-03 14:37:28,539 INFO o.a.j.t.JMeterThread: Thread finished: Load Users 1-17
2025-12-03 14:37:28,907 INFO o.a.j.t.JMeterThread: Thread started: Load Users 1-18
2025-12-03 14:37:28,940 INFO o.a.j.t.JMeterThread: Thread is done: Load Users 1-18
2025-12-03 14:37:28,941 INFO o.a.j.t.JMeterThread: Thread finished: Load Users 1-18
2025-12-03 14:37:29,307 INFO o.a.j.t.JMeterThread: Thread started: Load Users 1-19
2025-12-03 14:37:29,382 INFO o.a.j.t.JMeterThread: Thread is done: Load Users 1-19
2025-12-03 14:37:29,382 INFO o.a.j.t.JMeterThread: Thread finished: Load Users 1-19
2025-12-03 14:37:29,706 INFO o.a.j.t.JMeterThread: Thread started: Load Users 1-20
2025-12-03 14:37:29,734 INFO o.a.j.t.JMeterThread: Thread is done: Load Users 1-20
2025-12-03 14:37:29,735 INFO o.a.j.t.JMeterThread: Thread finished: Load Users 1-20
2025-12-03 14:37:30,107 INFO o.a.j.t.JMeterThread: Thread started: Load Users 1-21
2025-12-03 14:37:30,114 INFO o.a.j.r.Summariser: summary +    601 in 00:00:08 =   74.8/s Avg:     0 Min:     0 Max:    36 Err:   601 (100.00%) Active: 1 Started: 21 Finished: 20
2025-12-03 14:37:30,142 INFO o.a.j.t.JMeterThread: Thread is done: Load Users 1-21
2025-12-03 14:37:30,142 INFO o.a.j.t.JMeterThread: Thread finished: Load Users 1-21
2025-12-03 14:37:30,508 INFO o.a.j.t.JMeterThread: Thread started: Load Users 1-22
2025-12-03 14:37:30,575 INFO o.a.j.t.JMeterThread: Thread is done: Load Users 1-22
2025-12-03 14:37:30,576 INFO o.a.j.t.JMeterThread: Thread finished: Load Users 1-22
2025-12-03 14:37:30,908 INFO o.a.j.t.JMeterThread: Thread started: Load Users 1-23
2025-12-03 14:37:30,940 INFO o.a.j.t.JMeterThread: Thread is done: Load Users 1-23
2025-12-03 14:37:30,941 INFO o.a.j.t.JMeterThread: Thread finished: Load Users 1-23
2025-12-03 14:37:31,307 INFO o.a.j.t.JMeterThread: Thread started: Load Users 1-24
2025-12-03 14:37:31,338 INFO o.a.j.t.JMeterThread: Thread is done: Load Users 1-24
2025-12-03 14:37:31,338 INFO o.a.j.t.JMeterThread: Thread finished: Load Users 1-24
2025-12-03 14:37:31,706 INFO o.a.j.t.JMeterThread: Thread started: Load Users 1-25
2025-12-03 14:37:31,738 INFO o.a.j.t.JMeterThread: Thread is done: Load Users 1-25
2025-12-03 14:37:31,738 INFO o.a.j.t.JMeterThread: Thread finished: Load Users 1-25
2025-12-03 14:37:32,106 INFO o.a.j.t.JMeterThread: Thread started: Load Users 1-26
2025-12-03 14:37:32,137 INFO o.a.j.t.JMeterThread: Thread is done: Load Users 1-26
2025-12-03 14:37:32,138 INFO o.a.j.t.JMeterThread: Thread finished: Load Users 1-26
2025-12-03 14:37:32,506 INFO o.a.j.t.JMeterThread: Thread started: Load Users 1-27
2025-12-03 14:37:32,534 INFO o.a.j.t.JMeterThread: Thread is done: Load Users 1-27
2025-12-03 14:37:32,534 INFO o.a.j.t.JMeterThread: Thread finished: Load Users 1-27
2025-12-03 14:37:32,907 INFO o.a.j.t.JMeterThread: Thread started: Load Users 1-28
2025-12-03 14:37:32,939 INFO o.a.j.t.JMeterThread: Thread is done: Load Users 1-28
2025-12-03 14:37:32,939 INFO o.a.j.t.JMeterThread: Thread finished: Load Users 1-28
2025-12-03 14:37:33,307 INFO o.a.j.t.JMeterThread: Thread started: Load Users 1-29
2025-12-03 14:37:33,336 INFO o.a.j.t.JMeterThread: Thread is done: Load Users 1-29
2025-12-03 14:37:33,337 INFO o.a.j.t.JMeterThread: Thread finished: Load Users 1-29
2025-12-03 14:37:33,706 INFO o.a.j.t.JMeterThread: Thread started: Load Users 1-30
2025-12-03 14:37:33,732 INFO o.a.j.t.JMeterThread: Thread is done: Load Users 1-30
2025-12-03 14:37:33,732 INFO o.a.j.t.JMeterThread: Thread finished: Load Users 1-30
2025-12-03 14:37:34,106 INFO o.a.j.t.JMeterThread: Thread started: Load Users 1-31
2025-12-03 14:37:34,139 INFO o.a.j.t.JMeterThread: Thread is done: Load Users 1-31
2025-12-03 14:37:34,140 INFO o.a.j.t.JMeterThread: Thread finished: Load Users 1-31
2025-12-03 14:37:34,506 INFO o.a.j.t.JMeterThread: Thread started: Load Users 1-32
2025-12-03 14:37:34,542 INFO o.a.j.t.JMeterThread: Thread is done: Load Users 1-32
2025-12-03 14:37:34,542 INFO o.a.j.t.JMeterThread: Thread finished: Load Users 1-32
2025-12-03 14:37:34,906 INFO o.a.j.t.JMeterThread: Thread started: Load Users 1-33
2025-12-03 14:37:34,939 INFO o.a.j.t.JMeterThread: Thread is done: Load Users 1-33
2025-12-03 14:37:34,939 INFO o.a.j.t.JMeterThread: Thread finished: Load Users 1-33
2025-12-03 14:37:35,305 INFO o.a.j.t.JMeterThread: Thread started: Load Users 1-34
2025-12-03 14:37:35,339 INFO o.a.j.t.JMeterThread: Thread is done: Load Users 1-34
2025-12-03 14:37:35,339 INFO o.a.j.t.JMeterThread: Thread finished: Load Users 1-34
2025-12-03 14:37:35,708 INFO o.a.j.t.JMeterThread: Thread started: Load Users 1-35
2025-12-03 14:37:35,735 INFO o.a.j.t.JMeterThread: Thread is done: Load Users 1-35
2025-12-03 14:37:35,735 INFO o.a.j.t.JMeterThread: Thread finished: Load Users 1-35
2025-12-03 14:37:36,108 INFO o.a.j.t.JMeterThread: Thread started: Load Users 1-36
2025-12-03 14:37:36,132 INFO o.a.j.t.JMeterThread: Thread is done: Load Users 1-36
2025-12-03 14:37:36,132 INFO o.a.j.t.JMeterThread: Thread finished: Load Users 1-36
2025-12-03 14:37:36,507 INFO o.a.j.t.JMeterThread: Thread started: Load Users 1-37
2025-12-03 14:37:36,539 INFO o.a.j.t.JMeterThread: Thread is done: Load Users 1-37
2025-12-03 14:37:36,539 INFO o.a.j.t.JMeterThread: Thread finished: Load Users 1-37
2025-12-03 14:37:36,907 INFO o.a.j.t.JMeterThread: Thread started: Load Users 1-38
2025-12-03 14:37:36,940 INFO o.a.j.t.JMeterThread: Thread is done: Load Users 1-38
2025-12-03 14:37:36,940 INFO o.a.j.t.JMeterThread: Thread finished: Load Users 1-38
2025-12-03 14:37:37,307 INFO o.a.j.t.JMeterThread: Thread started: Load Users 1-39
2025-12-03 14:37:37,331 INFO o.a.j.t.JMeterThread: Thread is done: Load Users 1-39
2025-12-03 14:37:37,331 INFO o.a.j.t.JMeterThread: Thread finished: Load Users 1-39
2025-12-03 14:37:37,708 INFO o.a.j.t.JMeterThread: Thread started: Load Users 1-40
2025-12-03 14:37:37,742 INFO o.a.j.t.JMeterThread: Thread is done: Load Users 1-40
2025-12-03 14:37:37,742 INFO o.a.j.t.JMeterThread: Thread finished: Load Users 1-40
2025-12-03 14:37:38,109 INFO o.a.j.t.JMeterThread: Thread started: Load Users 1-41
2025-12-03 14:37:38,140 INFO o.a.j.t.JMeterThread: Thread is done: Load Users 1-41
2025-12-03 14:37:38,141 INFO o.a.j.t.JMeterThread: Thread finished: Load Users 1-41
2025-12-03 14:37:38,506 INFO o.a.j.t.JMeterThread: Thread started: Load Users 1-42
2025-12-03 14:37:38,537 INFO o.a.j.t.JMeterThread: Thread is done: Load Users 1-42
2025-12-03 14:37:38,538 INFO o.a.j.t.JMeterThread: Thread finished: Load Users 1-42
2025-12-03 14:37:38,906 INFO o.a.j.t.JMeterThread: Thread started: Load Users 1-43
2025-12-03 14:37:38,952 INFO o.a.j.t.JMeterThread: Thread is done: Load Users 1-43
2025-12-03 14:37:38,954 INFO o.a.j.t.JMeterThread: Thread finished: Load Users 1-43
2025-12-03 14:37:39,305 INFO o.a.j.t.JMeterThread: Thread started: Load Users 1-44
2025-12-03 14:37:39,340 INFO o.a.j.t.JMeterThread: Thread is done: Load Users 1-44
2025-12-03 14:37:39,340 INFO o.a.j.t.JMeterThread: Thread finished: Load Users 1-44
2025-12-03 14:37:39,706 INFO o.a.j.t.JMeterThread: Thread started: Load Users 1-45
2025-12-03 14:37:39,789 INFO o.a.j.t.JMeterThread: Thread is done: Load Users 1-45
2025-12-03 14:37:39,790 INFO o.a.j.t.JMeterThread: Thread finished: Load Users 1-45
2025-12-03 14:37:40,106 INFO o.a.j.t.JMeterThread: Thread started: Load Users 1-46
2025-12-03 14:37:40,135 INFO o.a.j.t.JMeterThread: Thread is done: Load Users 1-46
2025-12-03 14:37:40,135 INFO o.a.j.t.JMeterThread: Thread finished: Load Users 1-46
2025-12-03 14:37:40,506 INFO o.a.j.t.JMeterThread: Thread started: Load Users 1-47
2025-12-03 14:37:40,582 INFO o.a.j.t.JMeterThread: Thread is done: Load Users 1-47
2025-12-03 14:37:40,582 INFO o.a.j.t.JMeterThread: Thread finished: Load Users 1-47
2025-12-03 14:37:40,906 INFO o.a.j.t.JMeterThread: Thread started: Load Users 1-48
2025-12-03 14:37:40,943 INFO o.a.j.t.JMeterThread: Thread is done: Load Users 1-48
2025-12-03 14:37:40,943 INFO o.a.j.t.JMeterThread: Thread finished: Load Users 1-48
2025-12-03 14:37:41,307 INFO o.a.j.t.JMeterThread: Thread started: Load Users 1-49
2025-12-03 14:37:41,338 INFO o.a.j.t.JMeterThread: Thread is done: Load Users 1-49
2025-12-03 14:37:41,338 INFO o.a.j.t.JMeterThread: Thread finished: Load Users 1-49
2025-12-03 14:37:41,706 INFO o.a.j.t.JMeterThread: Thread started: Load Users 1-50
2025-12-03 14:37:41,743 INFO o.a.j.t.JMeterThread: Thread is done: Load Users 1-50
2025-12-03 14:37:41,743 INFO o.a.j.t.JMeterThread: Thread finished: Load Users 1-50
2025-12-03 14:37:41,744 INFO o.a.j.e.StandardJMeterEngine: Notifying test listeners of end of test
2025-12-03 14:37:41,746 INFO o.a.j.r.Summariser: summary +    899 in 00:00:12 =   77.3/s Avg:     0 Min:     0 Max:     3 Err:   899 (100.00%) Active: 0 Started: 50 Finished: 50
2025-12-03 14:37:41,746 INFO o.a.j.r.Summariser: summary =   1500 in 00:00:20 =   76.3/s Avg:     0 Min:     0 Max:    36 Err:  1500 (100.00%)
