2025-12-03 13:14:28,760 INFO o.a.j.u.JMeterUtils: Setting Locale to en_EN
2025-12-03 13:14:28,793 INFO o.a.j.JMeter: Loading user properties from: /opt/jmeter/bin/user.properties
2025-12-03 13:14:28,794 INFO o.a.j.JMeter: Loading system properties from: /opt/jmeter/bin/system.properties
2025-12-03 13:14:28,795 INFO o.a.j.JMeter: Setting JMeter property: jmeter.save.saveservice.output_format=csv
2025-12-03 13:14:28,796 INFO o.a.j.JMeter: Setting JMeter property: jmeter.save.saveservice.thread_counts=true
2025-12-03 13:14:28,796 INFO o.a.j.JMeter: Setting JMeter property: jmeter.save.saveservice.assertion_results=none
2025-12-03 13:14:28,804 INFO o.a.j.JMeter: Copyright (c) 1998-2023 The Apache Software Foundation
2025-12-03 13:14:28,805 INFO o.a.j.JMeter: Version 5.6.2
2025-12-03 13:14:28,805 INFO o.a.j.JMeter: java.version=11.0.29
2025-12-03 13:14:28,806 INFO o.a.j.JMeter: java.vm.name=OpenJDK 64-Bit Server VM
2025-12-03 13:14:28,806 INFO o.a.j.JMeter: os.name=Linux
2025-12-03 13:14:28,807 INFO o.a.j.JMeter: os.arch=amd64
2025-12-03 13:14:28,807 INFO o.a.j.JMeter: os.version=6.6.87.2-microsoft-standard-WSL2
2025-12-03 13:14:28,808 INFO o.a.j.JMeter: file.encoding=UTF-8
2025-12-03 13:14:28,808 INFO o.a.j.JMeter: java.awt.headless=true
2025-12-03 13:14:28,808 INFO o.a.j.JMeter: Max memory     =1073741824
2025-12-03 13:14:28,809 INFO o.a.j.JMeter: Available Processors =8
2025-12-03 13:14:28,820 INFO o.a.j.JMeter: Default Locale=English (EN)
2025-12-03 13:14:28,820 INFO o.a.j.JMeter: JMeter  Locale=English (EN)
2025-12-03 13:14:28,821 INFO o.a.j.JMeter: JMeterHome=/opt/jmeter
2025-12-03 13:14:28,821 INFO o.a.j.JMeter: user.dir  =/tmp/jmx_controller_sessions/9a42e27e7c0f4aff8b8bbe0bfd577821
2025-12-03 13:14:28,822 INFO o.a.j.JMeter: PWD       =/tmp/jmx_controller_sessions/9a42e27e7c0f4aff8b8bbe0bfd577821
2025-12-03 13:14:28,822 INFO o.a.j.JMeter: IP: 172.18.0.2 Name: 680799f38ff2 FullName: 680799f38ff2
2025-12-03 13:14:28,848 INFO o.a.j.s.FileServer: Default base='/tmp/jmx_controller_sessions/9a42e27e7c0f4aff8b8bbe0bfd577821'
2025-12-03 13:14:28,852 INFO o.a.j.s.FileServer: Set new base='/tmp/jmx_controller_sessions/9a42e27e7c0f4aff8b8bbe0bfd577821'
2025-12-03 13:14:29,122 INFO o.a.j.s.SaveService: Testplan (JMX) version: 2.2. Testlog (JTL) version: 2.2
2025-12-03 13:14:29,152 INFO o.a.j.s.SaveService: Using SaveService properties version 5.0
2025-12-03 13:14:29,155 INFO o.a.j.s.SaveService: Using SaveService properties file encoding UTF-8
2025-12-03 13:14:29,159 INFO o.a.j.s.SaveService: Loading file: /tmp/jmx_controller_sessions/9a42e27e7c0f4aff8b8bbe0bfd577821/dummy.jmx
2025-12-03 13:14:29,217 INFO o.a.j.p.h.s.HTTPSamplerBase: Parser for text/html is org.apache.jmeter.protocol.http.parser.LagartoBasedHtmlParser
2025-12-03 13:14:29,217 INFO o.a.j.p.h.s.HTTPSamplerBase: Parser for application/xhtml+xml is org.apache.jmeter.protocol.http.parser.LagartoBasedHtmlParser
2025-12-03 13:14:29,218 INFO o.a.j.p.h.s.HTTPSamplerBase: Parser for application/xml is org.apache.jmeter.protocol.http.parser.LagartoBasedHtmlParser
2025-12-03 13:14:29,218 INFO o.a.j.p.h.s.HTTPSamplerBase: Parser for text/xml is org.apache.jmeter.protocol.http.parser.LagartoBasedHtmlParser
2025-12-03 13:14:29,218 INFO o.a.j.p.h.s.HTTPSamplerBase: Parser for text/vnd.wap.wml is org.apache.jmeter.protocol.http.parser.RegexpHTMLParser
2025-12-03 13:14:29,219 INFO o.a.j.p.h.s.HTTPSamplerBase: Parser for text/css is org.apache.jmeter.protocol.http.parser.CssParser
2025-12-03 13:14:29,227 INFO o.a.j.JMeter: Creating summariser <summary>
2025-12-03 13:14:29,244 INFO o.a.j.e.StandardJMeterEngine: Running the test!
2025-12-03 13:14:29,245 INFO o.a.j.s.SampleEvent: List of sample_variables: []
2025-12-03 13:14:29,246 INFO o.a.j.s.SampleEvent: List of sample_variables: []
2025-12-03 13:14:29,262 INFO o.a.j.e.u.CompoundVariable: Note: Function class names must contain the string: '.functions.'
2025-12-03 13:14:29,263 INFO o.a.j.e.u.CompoundVariable: Note: Function class names must not contain the string: '.gui.'
2025-12-03 13:14:29,529 INFO o.a.j.JMeter: Running test (1764767669529)
2025-12-03 13:14:29,565 INFO o.a.j.e.StandardJMeterEngine: Starting ThreadGroup: 1 : Dummy Thread Group
2025-12-03 13:14:29,566 INFO o.a.j.e.StandardJMeterEngine: Starting 1 threads for group Dummy Thread Group.
2025-12-03 13:14:29,567 INFO o.a.j.e.StandardJMeterEngine: Thread will continue on error
2025-12-03 13:14:29,567 INFO o.a.j.t.ThreadGroup: Starting thread group... number=1 threads=1 ramp-up=1 delayedStart=false
2025-12-03 13:14:29,573 INFO o.a.j.t.ThreadGroup: Started thread group number 1
2025-12-03 13:14:29,573 INFO o.a.j.e.StandardJMeterEngine: All thread groups have been started
2025-12-03 13:14:29,582 INFO o.a.j.t.JMeterThread: Thread started: Dummy Thread Group 1-1
2025-12-03 13:14:29,605 INFO o.a.j.p.h.s.HTTPHCAbstractImpl: Local host = 680799f38ff2
2025-12-03 13:14:29,616 INFO o.a.j.p.h.s.HTTPHC4Impl: HTTP request retry count = 0
2025-12-03 13:14:29,618 INFO o.a.j.s.SampleResult: Note: Sample TimeStamps are START times
2025-12-03 13:14:29,618 INFO o.a.j.s.SampleResult: sampleresult.default.encoding is set to UTF-8
2025-12-03 13:14:29,619 INFO o.a.j.s.SampleResult: sampleresult.useNanoTime=true
2025-12-03 13:14:29,619 INFO o.a.j.s.SampleResult: sampleresult.nanoThreadSleep=5000
2025-12-03 13:14:30,314 INFO o.a.j.r.Summariser: summary +      1 in 00:00:01 =    1.3/s Avg:   592 Min:   592 Max:   592 Err:     0 (0.00%) Active: 1 Started: 1 Finished: 0
2025-12-03 13:14:31,317 INFO o.a.j.t.JMeterThread: Thread is done: Dummy Thread Group 1-1
2025-12-03 13:14:31,318 INFO o.a.j.t.JMeterThread: Thread finished: Dummy Thread Group 1-1
2025-12-03 13:14:31,319 INFO o.a.j.e.StandardJMeterEngine: Notifying test listeners of end of test
2025-12-03 13:14:31,321 INFO o.a.j.r.Summariser: summary +      2 in 00:00:01 =    2.0/s Avg:   500 Min:   491 Max:   510 Err:     0 (0.00%) Active: 0 Started: 1 Finished: 1
2025-12-03 13:14:31,322 INFO o.a.j.r.Summariser: summary =      3 in 00:00:02 =    1.7/s Avg:   531 Min:   491 Max:   592 Err:     0 (0.00%)
