2025-12-03 15:30:09,980 INFO o.a.j.u.JMeterUtils: Setting Locale to en_EN
2025-12-03 15:30:10,009 INFO o.a.j.JMeter: Loading user properties from: /opt/jmeter/bin/user.properties
2025-12-03 15:30:10,011 INFO o.a.j.JMeter: Loading system properties from: /opt/jmeter/bin/system.properties
2025-12-03 15:30:10,012 INFO o.a.j.JMeter: Setting JMeter property: jmeter.save.saveservice.output_format=csv
2025-12-03 15:30:10,013 INFO o.a.j.JMeter: Setting JMeter property: jmeter.save.saveservice.autoflush=true
2025-12-03 15:30:10,020 INFO o.a.j.JMeter: Copyright (c) 1998-2023 The Apache Software Foundation
2025-12-03 15:30:10,021 INFO o.a.j.JMeter: Version 5.6.2
2025-12-03 15:30:10,021 INFO o.a.j.JMeter: java.version=11.0.29
2025-12-03 15:30:10,022 INFO o.a.j.JMeter: java.vm.name=OpenJDK 64-Bit Server VM
2025-12-03 15:30:10,022 INFO o.a.j.JMeter: os.name=Linux
2025-12-03 15:30:10,023 INFO o.a.j.JMeter: os.arch=amd64
2025-12-03 15:30:10,023 INFO o.a.j.JMeter: os.version=6.6.87.2-microsoft-standard-WSL2
2025-12-03 15:30:10,024 INFO o.a.j.JMeter: file.encoding=UTF-8
2025-12-03 15:30:10,024 INFO o.a.j.JMeter: java.awt.headless=true
2025-12-03 15:30:10,025 INFO o.a.j.JMeter: Max memory     =1073741824
2025-12-03 15:30:10,025 INFO o.a.j.JMeter: Available Processors =8
2025-12-03 15:30:10,035 INFO o.a.j.JMeter: Default Locale=English (EN)
2025-12-03 15:30:10,036 INFO o.a.j.JMeter: JMeter  Locale=English (EN)
2025-12-03 15:30:10,037 INFO o.a.j.JMeter: JMeterHome=/opt/jmeter
2025-12-03 15:30:10,037 INFO o.a.j.JMeter: user.dir  =/tmp/jmx_controller_sessions/10fa5dae81b1433a974bf6fe1f98c7ad
2025-12-03 15:30:10,038 INFO o.a.j.JMeter: PWD       =/tmp/jmx_controller_sessions/10fa5dae81b1433a974bf6fe1f98c7ad
2025-12-03 15:30:10,038 INFO o.a.j.JMeter: IP: 172.18.0.2 Name: 2ab94c926f8e FullName: 2ab94c926f8e
2025-12-03 15:30:10,061 INFO o.a.j.s.FileServer: Default base='/tmp/jmx_controller_sessions/10fa5dae81b1433a974bf6fe1f98c7ad'
2025-12-03 15:30:10,064 INFO o.a.j.s.FileServer: Set new base='/tmp/jmx_controller_sessions/10fa5dae81b1433a974bf6fe1f98c7ad'
2025-12-03 15:30:10,241 INFO o.a.j.s.SaveService: Testplan (JMX) version: 2.2. Testlog (JTL) version: 2.2
2025-12-03 15:30:10,265 INFO o.a.j.s.SaveService: Using SaveService properties version 5.0
2025-12-03 15:30:10,268 INFO o.a.j.s.SaveService: Using SaveService properties file encoding UTF-8
2025-12-03 15:30:10,271 INFO o.a.j.s.SaveService: Loading file: /tmp/jmx_controller_sessions/10fa5dae81b1433a974bf6fe1f98c7ad/dummy.jmx
2025-12-03 15:30:10,330 INFO o.a.j.p.h.s.HTTPSamplerBase: Parser for text/html is org.apache.jmeter.protocol.http.parser.LagartoBasedHtmlParser
2025-12-03 15:30:10,331 INFO o.a.j.p.h.s.HTTPSamplerBase: Parser for application/xhtml+xml is org.apache.jmeter.protocol.http.parser.LagartoBasedHtmlParser
2025-12-03 15:30:10,331 INFO o.a.j.p.h.s.HTTPSamplerBase: Parser for application/xml is org.apache.jmeter.protocol.http.parser.LagartoBasedHtmlParser
2025-12-03 15:30:10,331 INFO o.a.j.p.h.s.HTTPSamplerBase: Parser for text/xml is org.apache.jmeter.protocol.http.parser.LagartoBasedHtmlParser
2025-12-03 15:30:10,332 INFO o.a.j.p.h.s.HTTPSamplerBase: Parser for text/vnd.wap.wml is org.apache.jmeter.protocol.http.parser.RegexpHTMLParser
2025-12-03 15:30:10,332 INFO o.a.j.p.h.s.HTTPSamplerBase: Parser for text/css is org.apache.jmeter.protocol.http.parser.CssParser
2025-12-03 15:30:10,342 INFO o.a.j.JMeter: Creating summariser <summary>
2025-12-03 15:30:10,361 INFO o.a.j.e.StandardJMeterEngine: Running the test!
2025-12-03 15:30:10,362 INFO o.a.j.s.SampleEvent: List of sample_variables: []
2025-12-03 15:30:10,363 INFO o.a.j.s.SampleEvent: List of sample_variables: []
2025-12-03 15:30:10,378 INFO o.a.j.e.u.CompoundVariable: Note: Function class names must contain the string: '.functions.'
2025-12-03 15:30:10,379 INFO o.a.j.e.u.CompoundVariable: Note: Function class names must not contain the string: '.gui.'
2025-12-03 15:30:10,645 INFO o.a.j.JMeter: Running test (1764775810645)
2025-12-03 15:30:10,689 INFO o.a.j.e.StandardJMeterEngine: Starting ThreadGroup: 1 : Dummy Thread Group
2025-12-03 15:30:10,690 INFO o.a.j.e.StandardJMeterEngine: Starting 1 threads for group Dummy Thread Group.
2025-12-03 15:30:10,691 INFO o.a.j.e.StandardJMeterEngine: Thread will continue on error
2025-12-03 15:30:10,691 INFO o.a.j.t.ThreadGroup: Starting thread group... number=1 threads=1 ramp-up=1 delayedStart=false
2025-12-03 15:30:10,696 INFO o.a.j.t.ThreadGroup: Started thread group number 1
2025-12-03 15:30:10,696 INFO o.a.j.e.StandardJMeterEngine: All thread groups have been started
2025-12-03 15:30:10,706 INFO o.a.j.t.JMeterThread: Thread started: Dummy Thread Group 1-1
2025-12-03 15:30:10,732 INFO o.a.j.p.h.s.HTTPHCAbstractImpl: Local host = 2ab94c926f8e
2025-12-03 15:30:10,741 INFO o.a.j.p.h.s.HTTPHC4Impl: HTTP request retry count = 0
2025-12-03 15:30:10,742 INFO o.a.j.s.SampleResult: Note: Sample TimeStamps are START times
2025-12-03 15:30:10,743 INFO o.a.j.s.SampleResult: sampleresult.default.encoding is set to UTF-8
2025-12-03 15:30:10,743 INFO o.a.j.s.SampleResult: sampleresult.useNanoTime=true
2025-12-03 15:30:10,743 INFO o.a.j.s.SampleResult: sampleresult.nanoThreadSleep=5000
2025-12-03 15:30:12,598 INFO o.a.j.t.JMeterThread: Thread is done: Dummy Thread Group 1-1
2025-12-03 15:30:12,599 INFO o.a.j.t.JMeterThread: Thread finished: Dummy Thread Group 1-1
2025-12-03 15:30:12,600 INFO o.a.j.e.StandardJMeterEngine: Notifying test listeners of end of test
2025-12-03 15:30:12,603 INFO o.a.j.r.Summariser: summary =      3 in 00:00:02 =    1.5/s Avg:   576 Min:   511 Max:   648 Err:     0 (0.00%)
