2025-12-03 13:25:21,514 INFO o.a.j.u.JMeterUtils: Setting Locale to en_EN
2025-12-03 13:25:21,594 INFO o.a.j.JMeter: Loading user properties from: /opt/jmeter/bin/user.properties
2025-12-03 13:25:21,596 INFO o.a.j.JMeter: Loading system properties from: /opt/jmeter/bin/system.properties
2025-12-03 13:25:21,598 INFO o.a.j.JMeter: Setting JMeter property: jmeter.save.saveservice.output_format=csv
2025-12-03 13:25:21,600 INFO o.a.j.JMeter: Setting JMeter property: jmeter.save.saveservice.thread_counts=true
2025-12-03 13:25:21,602 INFO o.a.j.JMeter: Setting JMeter property: jmeter.save.saveservice.assertion_results=none
2025-12-03 13:25:21,624 INFO o.a.j.JMeter: Copyright (c) 1998-2023 The Apache Software Foundation
2025-12-03 13:25:21,625 INFO o.a.j.JMeter: Version 5.6.2
2025-12-03 13:25:21,625 INFO o.a.j.JMeter: java.version=11.0.29
2025-12-03 13:25:21,626 INFO o.a.j.JMeter: java.vm.name=OpenJDK 64-Bit Server VM
2025-12-03 13:25:21,626 INFO o.a.j.JMeter: os.name=Linux
2025-12-03 13:25:21,627 INFO o.a.j.JMeter: os.arch=amd64
2025-12-03 13:25:21,631 INFO o.a.j.JMeter: os.version=6.6.87.2-microsoft-standard-WSL2
2025-12-03 13:25:21,633 INFO o.a.j.JMeter: file.encoding=UTF-8
2025-12-03 13:25:21,633 INFO o.a.j.JMeter: java.awt.headless=true
2025-12-03 13:25:21,634 INFO o.a.j.JMeter: Max memory     =1073741824
2025-12-03 13:25:21,634 INFO o.a.j.JMeter: Available Processors =8
2025-12-03 13:25:21,662 INFO o.a.j.JMeter: Default Locale=English (EN)
2025-12-03 13:25:21,663 INFO o.a.j.JMeter: JMeter  Locale=English (EN)
2025-12-03 13:25:21,663 INFO o.a.j.JMeter: JMeterHome=/opt/jmeter
2025-12-03 13:25:21,664 INFO o.a.j.JMeter: user.dir  =/tmp/jmx_controller_sessions/eb8001b8b5f446769df0cf1ca2a13e58
2025-12-03 13:25:21,664 INFO o.a.j.JMeter: PWD       =/tmp/jmx_controller_sessions/eb8001b8b5f446769df0cf1ca2a13e58
2025-12-03 13:25:21,665 INFO o.a.j.JMeter: IP: 172.18.0.2 Name: 4eec39c1e7f2 FullName: 4eec39c1e7f2
2025-12-03 13:25:21,705 INFO o.a.j.s.FileServer: Default base='/tmp/jmx_controller_sessions/eb8001b8b5f446769df0cf1ca2a13e58'
2025-12-03 13:25:21,710 INFO o.a.j.s.FileServer: Set new base='/tmp/jmx_controller_sessions/eb8001b8b5f446769df0cf1ca2a13e58'
2025-12-03 13:25:21,934 INFO o.a.j.s.SaveService: Testplan (JMX) version: 2.2. Testlog (JTL) version: 2.2
2025-12-03 13:25:21,970 INFO o.a.j.s.SaveService: Using SaveService properties version 5.0
2025-12-03 13:25:21,974 INFO o.a.j.s.SaveService: Using SaveService properties file encoding UTF-8
2025-12-03 13:25:21,978 INFO o.a.j.s.SaveService: Loading file: /tmp/jmx_controller_sessions/eb8001b8b5f446769df0cf1ca2a13e58/dummy.jmx
2025-12-03 13:25:22,048 INFO o.a.j.p.h.s.HTTPSamplerBase: Parser for text/html is org.apache.jmeter.protocol.http.parser.LagartoBasedHtmlParser
2025-12-03 13:25:22,049 INFO o.a.j.p.h.s.HTTPSamplerBase: Parser for application/xhtml+xml is org.apache.jmeter.protocol.http.parser.LagartoBasedHtmlParser
2025-12-03 13:25:22,049 INFO o.a.j.p.h.s.HTTPSamplerBase: Parser for application/xml is org.apache.jmeter.protocol.http.parser.LagartoBasedHtmlParser
2025-12-03 13:25:22,049 INFO o.a.j.p.h.s.HTTPSamplerBase: Parser for text/xml is org.apache.jmeter.protocol.http.parser.LagartoBasedHtmlParser
2025-12-03 13:25:22,050 INFO o.a.j.p.h.s.HTTPSamplerBase: Parser for text/vnd.wap.wml is org.apache.jmeter.protocol.http.parser.RegexpHTMLParser
2025-12-03 13:25:22,050 INFO o.a.j.p.h.s.HTTPSamplerBase: Parser for text/css is org.apache.jmeter.protocol.http.parser.CssParser
2025-12-03 13:25:22,060 INFO o.a.j.JMeter: Creating summariser <summary>
2025-12-03 13:25:22,080 INFO o.a.j.e.StandardJMeterEngine: Running the test!
2025-12-03 13:25:22,082 INFO o.a.j.s.SampleEvent: List of sample_variables: []
2025-12-03 13:25:22,082 INFO o.a.j.s.SampleEvent: List of sample_variables: []
2025-12-03 13:25:22,098 INFO o.a.j.e.u.CompoundVariable: Note: Function class names must contain the string: '.functions.'
2025-12-03 13:25:22,099 INFO o.a.j.e.u.CompoundVariable: Note: Function class names must not contain the string: '.gui.'
2025-12-03 13:25:22,400 INFO o.a.j.JMeter: Running test (1764768322400)
2025-12-03 13:25:22,443 INFO o.a.j.e.StandardJMeterEngine: Starting ThreadGroup: 1 : Dummy Thread Group
2025-12-03 13:25:22,444 INFO o.a.j.e.StandardJMeterEngine: Starting 1 threads for group Dummy Thread Group.
2025-12-03 13:25:22,444 INFO o.a.j.e.StandardJMeterEngine: Thread will continue on error
2025-12-03 13:25:22,444 INFO o.a.j.t.ThreadGroup: Starting thread group... number=1 threads=1 ramp-up=1 delayedStart=false
2025-12-03 13:25:22,449 INFO o.a.j.t.ThreadGroup: Started thread group number 1
2025-12-03 13:25:22,450 INFO o.a.j.e.StandardJMeterEngine: All thread groups have been started
2025-12-03 13:25:22,458 INFO o.a.j.t.JMeterThread: Thread started: Dummy Thread Group 1-1
2025-12-03 13:25:22,480 INFO o.a.j.p.h.s.HTTPHCAbstractImpl: Local host = 4eec39c1e7f2
2025-12-03 13:25:22,488 INFO o.a.j.p.h.s.HTTPHC4Impl: HTTP request retry count = 0
2025-12-03 13:25:22,490 INFO o.a.j.s.SampleResult: Note: Sample TimeStamps are START times
2025-12-03 13:25:22,491 INFO o.a.j.s.SampleResult: sampleresult.default.encoding is set to UTF-8
2025-12-03 13:25:22,491 INFO o.a.j.s.SampleResult: sampleresult.useNanoTime=true
2025-12-03 13:25:22,491 INFO o.a.j.s.SampleResult: sampleresult.nanoThreadSleep=5000
2025-12-03 13:25:26,531 INFO o.a.j.t.JMeterThread: Thread is done: Dummy Thread Group 1-1
2025-12-03 13:25:26,532 INFO o.a.j.t.JMeterThread: Thread finished: Dummy Thread Group 1-1
2025-12-03 13:25:26,534 INFO o.a.j.e.StandardJMeterEngine: Notifying test listeners of end of test
2025-12-03 13:25:26,537 INFO o.a.j.r.Summariser: summary =      3 in 00:00:04 =    0.7/s Avg:  1318 Min:  1165 Max:  1566 Err:     0 (0.00%)
