2025-12-03 14:31:41,920 INFO o.a.j.u.JMeterUtils: Setting Locale to en_EN
2025-12-03 14:31:41,949 INFO o.a.j.JMeter: Loading user properties from: /opt/jmeter/bin/user.properties
2025-12-03 14:31:41,951 INFO o.a.j.JMeter: Loading system properties from: /opt/jmeter/bin/system.properties
2025-12-03 14:31:41,952 INFO o.a.j.JMeter: Setting JMeter property: jmeter.save.saveservice.output_format=csv
2025-12-03 14:31:41,952 INFO o.a.j.JMeter: Setting JMeter property: jmeter.save.saveservice.autoflush=true
2025-12-03 14:31:41,958 INFO o.a.j.JMeter: Copyright (c) 1998-2023 The Apache Software Foundation
2025-12-03 14:31:41,959 INFO o.a.j.JMeter: Version 5.6.2
2025-12-03 14:31:41,959 INFO o.a.j.JMeter: java.version=11.0.29
2025-12-03 14:31:41,960 INFO o.a.j.JMeter: java.vm.name=OpenJDK 64-Bit Server VM
2025-12-03 14:31:41,960 INFO o.a.j.JMeter: os.name=Linux
2025-12-03 14:31:41,960 INFO o.a.j.JMeter: os.arch=amd64
2025-12-03 14:31:41,961 INFO o.a.j.JMeter: os.version=6.6.87.2-microsoft-standard-WSL2
2025-12-03 14:31:41,961 INFO o.a.j.JMeter: file.encoding=UTF-8
2025-12-03 14:31:41,961 INFO o.a.j.JMeter: java.awt.headless=true
2025-12-03 14:31:41,962 INFO o.a.j.JMeter: Max memory     =1073741824
2025-12-03 14:31:41,962 INFO o.a.j.JMeter: Available Processors =8
2025-12-03 14:31:41,973 INFO o.a.j.JMeter: Default Locale=English (EN)
2025-12-03 14:31:41,974 INFO o.a.j.JMeter: JMeter  Locale=English (EN)
2025-12-03 14:31:41,974 INFO o.a.j.JMeter: JMeterHome=/opt/jmeter
2025-12-03 14:31:41,975 INFO o.a.j.JMeter: user.dir  =/tmp/jmx_controller_sessions/4a407211108c4d98bee6cc351cbacde8
2025-12-03 14:31:41,975 INFO o.a.j.JMeter: PWD       =/tmp/jmx_controller_sessions/4a407211108c4d98bee6cc351cbacde8
2025-12-03 14:31:41,976 INFO o.a.j.JMeter: IP: 172.18.0.2 Name: 4f01ce84063d FullName: 4f01ce84063d
2025-12-03 14:31:41,997 INFO o.a.j.s.FileServer: Default base='/tmp/jmx_controller_sessions/4a407211108c4d98bee6cc351cbacde8'
2025-12-03 14:31:42,000 INFO o.a.j.s.FileServer: Set new base='/tmp/jmx_controller_sessions/4a407211108c4d98bee6cc351cbacde8'
2025-12-03 14:31:42,181 INFO o.a.j.s.SaveService: Testplan (JMX) version: 2.2. Testlog (JTL) version: 2.2
2025-12-03 14:31:42,207 INFO o.a.j.s.SaveService: Using SaveService properties version 5.0
2025-12-03 14:31:42,210 INFO o.a.j.s.SaveService: Using SaveService properties file encoding UTF-8
2025-12-03 14:31:42,213 INFO o.a.j.s.SaveService: Loading file: /tmp/jmx_controller_sessions/4a407211108c4d98bee6cc351cbacde8/dummy.jmx
2025-12-03 14:31:42,269 INFO o.a.j.p.h.s.HTTPSamplerBase: Parser for text/html is org.apache.jmeter.protocol.http.parser.LagartoBasedHtmlParser
2025-12-03 14:31:42,270 INFO o.a.j.p.h.s.HTTPSamplerBase: Parser for application/xhtml+xml is org.apache.jmeter.protocol.http.parser.LagartoBasedHtmlParser
2025-12-03 14:31:42,270 INFO o.a.j.p.h.s.HTTPSamplerBase: Parser for application/xml is org.apache.jmeter.protocol.http.parser.LagartoBasedHtmlParser
2025-12-03 14:31:42,271 INFO o.a.j.p.h.s.HTTPSamplerBase: Parser for text/xml is org.apache.jmeter.protocol.http.parser.LagartoBasedHtmlParser
2025-12-03 14:31:42,271 INFO o.a.j.p.h.s.HTTPSamplerBase: Parser for text/vnd.wap.wml is org.apache.jmeter.protocol.http.parser.RegexpHTMLParser
2025-12-03 14:31:42,271 INFO o.a.j.p.h.s.HTTPSamplerBase: Parser for text/css is org.apache.jmeter.protocol.http.parser.CssParser
2025-12-03 14:31:42,282 INFO o.a.j.JMeter: Creating summariser <summary>
2025-12-03 14:31:42,304 INFO o.a.j.e.StandardJMeterEngine: Running the test!
2025-12-03 14:31:42,305 INFO o.a.j.s.SampleEvent: List of sample_variables: []
2025-12-03 14:31:42,306 INFO o.a.j.s.SampleEvent: List of sample_variables: []
2025-12-03 14:31:42,325 INFO o.a.j.e.u.CompoundVariable: Note: Function class names must contain the string: '.functions.'
2025-12-03 14:31:42,331 INFO o.a.j.e.u.CompoundVariable: Note: Function class names must not contain the string: '.gui.'
2025-12-03 14:31:42,653 INFO o.a.j.JMeter: Running test (1764772302653)
2025-12-03 14:31:42,708 INFO o.a.j.e.StandardJMeterEngine: Starting ThreadGroup: 1 : Dummy Thread Group
2025-12-03 14:31:42,708 INFO o.a.j.e.StandardJMeterEngine: Starting 1 threads for group Dummy Thread Group.
2025-12-03 14:31:42,709 INFO o.a.j.e.StandardJMeterEngine: Thread will continue on error
2025-12-03 14:31:42,709 INFO o.a.j.t.ThreadGroup: Starting thread group... number=1 threads=1 ramp-up=1 delayedStart=false
2025-12-03 14:31:42,716 INFO o.a.j.t.ThreadGroup: Started thread group number 1
2025-12-03 14:31:42,717 INFO o.a.j.e.StandardJMeterEngine: All thread groups have been started
2025-12-03 14:31:42,727 INFO o.a.j.t.JMeterThread: Thread started: Dummy Thread Group 1-1
2025-12-03 14:31:42,755 INFO o.a.j.p.h.s.HTTPHCAbstractImpl: Local host = 4f01ce84063d
2025-12-03 14:31:42,762 INFO o.a.j.p.h.s.HTTPHC4Impl: HTTP request retry count = 0
2025-12-03 14:31:42,764 INFO o.a.j.s.SampleResult: Note: Sample TimeStamps are START times
2025-12-03 14:31:42,764 INFO o.a.j.s.SampleResult: sampleresult.default.encoding is set to UTF-8
2025-12-03 14:31:42,764 INFO o.a.j.s.SampleResult: sampleresult.useNanoTime=true
2025-12-03 14:31:42,765 INFO o.a.j.s.SampleResult: sampleresult.nanoThreadSleep=5000
2025-12-03 14:31:44,381 INFO o.a.j.t.JMeterThread: Thread is done: Dummy Thread Group 1-1
2025-12-03 14:31:44,382 INFO o.a.j.t.JMeterThread: Thread finished: Dummy Thread Group 1-1
2025-12-03 14:31:44,384 INFO o.a.j.e.StandardJMeterEngine: Notifying test listeners of end of test
2025-12-03 14:31:44,387 INFO o.a.j.r.Summariser: summary =      3 in 00:00:02 =    1.7/s Avg:   508 Min:   489 Max:   519 Err:     0 (0.00%)
