2025-12-03 13:07:58,046 INFO o.a.j.u.JMeterUtils: Setting Locale to en_EN
2025-12-03 13:07:58,076 INFO o.a.j.JMeter: Loading user properties from: /opt/jmeter/bin/user.properties
2025-12-03 13:07:58,077 INFO o.a.j.JMeter: Loading system properties from: /opt/jmeter/bin/system.properties
2025-12-03 13:07:58,078 INFO o.a.j.JMeter: Setting JMeter property: jmeter.save.saveservice.output_format=csv
2025-12-03 13:07:58,078 INFO o.a.j.JMeter: Setting JMeter property: jmeter.save.saveservice.thread_counts=true
2025-12-03 13:07:58,079 INFO o.a.j.JMeter: Setting JMeter property: jmeter.save.saveservice.assertion_results=none
2025-12-03 13:07:58,087 INFO o.a.j.JMeter: Copyright (c) 1998-2023 The Apache Software Foundation
2025-12-03 13:07:58,087 INFO o.a.j.JMeter: Version 5.6.2
2025-12-03 13:07:58,087 INFO o.a.j.JMeter: java.version=11.0.29
2025-12-03 13:07:58,088 INFO o.a.j.JMeter: java.vm.name=OpenJDK 64-Bit Server VM
2025-12-03 13:07:58,088 INFO o.a.j.JMeter: os.name=Linux
2025-12-03 13:07:58,088 INFO o.a.j.JMeter: os.arch=amd64
2025-12-03 13:07:58,089 INFO o.a.j.JMeter: os.version=6.6.87.2-microsoft-standard-WSL2
2025-12-03 13:07:58,089 INFO o.a.j.JMeter: file.encoding=UTF-8
2025-12-03 13:07:58,089 INFO o.a.j.JMeter: java.awt.headless=true
2025-12-03 13:07:58,090 INFO o.a.j.JMeter: Max memory     =1073741824
2025-12-03 13:07:58,090 INFO o.a.j.JMeter: Available Processors =8
2025-12-03 13:07:58,102 INFO o.a.j.JMeter: Default Locale=English (EN)
2025-12-03 13:07:58,103 INFO o.a.j.JMeter: JMeter  Locale=English (EN)
2025-12-03 13:07:58,104 INFO o.a.j.JMeter: JMeterHome=/opt/jmeter
2025-12-03 13:07:58,104 INFO o.a.j.JMeter: user.dir  =/tmp/jmx_controller_sessions/0a0e5dc9282b46cc9158ce85bf712255
2025-12-03 13:07:58,104 INFO o.a.j.JMeter: PWD       =/tmp/jmx_controller_sessions/0a0e5dc9282b46cc9158ce85bf712255
2025-12-03 13:07:58,105 INFO o.a.j.JMeter: IP: 172.18.0.2 Name: 043826ffeb6d FullName: 043826ffeb6d
2025-12-03 13:07:58,128 INFO o.a.j.s.FileServer: Default base='/tmp/jmx_controller_sessions/0a0e5dc9282b46cc9158ce85bf712255'
2025-12-03 13:07:58,131 INFO o.a.j.s.FileServer: Set new base='/tmp/jmx_controller_sessions/0a0e5dc9282b46cc9158ce85bf712255'
2025-12-03 13:07:58,321 INFO o.a.j.s.SaveService: Testplan (JMX) version: 2.2. Testlog (JTL) version: 2.2
2025-12-03 13:07:58,350 INFO o.a.j.s.SaveService: Using SaveService properties version 5.0
2025-12-03 13:07:58,353 INFO o.a.j.s.SaveService: Using SaveService properties file encoding UTF-8
2025-12-03 13:07:58,357 INFO o.a.j.s.SaveService: Loading file: /tmp/jmx_controller_sessions/0a0e5dc9282b46cc9158ce85bf712255/dummy.jmx
2025-12-03 13:07:58,417 INFO o.a.j.p.h.s.HTTPSamplerBase: Parser for text/html is org.apache.jmeter.protocol.http.parser.LagartoBasedHtmlParser
2025-12-03 13:07:58,418 INFO o.a.j.p.h.s.HTTPSamplerBase: Parser for application/xhtml+xml is org.apache.jmeter.protocol.http.parser.LagartoBasedHtmlParser
2025-12-03 13:07:58,418 INFO o.a.j.p.h.s.HTTPSamplerBase: Parser for application/xml is org.apache.jmeter.protocol.http.parser.LagartoBasedHtmlParser
2025-12-03 13:07:58,419 INFO o.a.j.p.h.s.HTTPSamplerBase: Parser for text/xml is org.apache.jmeter.protocol.http.parser.LagartoBasedHtmlParser
2025-12-03 13:07:58,419 INFO o.a.j.p.h.s.HTTPSamplerBase: Parser for text/vnd.wap.wml is org.apache.jmeter.protocol.http.parser.RegexpHTMLParser
2025-12-03 13:07:58,419 INFO o.a.j.p.h.s.HTTPSamplerBase: Parser for text/css is org.apache.jmeter.protocol.http.parser.CssParser
2025-12-03 13:07:58,430 INFO o.a.j.JMeter: Creating summariser <summary>
2025-12-03 13:07:58,449 INFO o.a.j.e.StandardJMeterEngine: Running the test!
2025-12-03 13:07:58,450 INFO o.a.j.s.SampleEvent: List of sample_variables: []
2025-12-03 13:07:58,450 INFO o.a.j.s.SampleEvent: List of sample_variables: []
2025-12-03 13:07:58,465 INFO o.a.j.e.u.CompoundVariable: Note: Function class names must contain the string: '.functions.'
2025-12-03 13:07:58,466 INFO o.a.j.e.u.CompoundVariable: Note: Function class names must not contain the string: '.gui.'
2025-12-03 13:07:58,735 INFO o.a.j.JMeter: Running test (1764767278735)
2025-12-03 13:07:58,777 INFO o.a.j.e.StandardJMeterEngine: Starting ThreadGroup: 1 : Dummy Thread Group
2025-12-03 13:07:58,778 INFO o.a.j.e.StandardJMeterEngine: Starting 1 threads for group Dummy Thread Group.
2025-12-03 13:07:58,778 INFO o.a.j.e.StandardJMeterEngine: Thread will continue on error
2025-12-03 13:07:58,779 INFO o.a.j.t.ThreadGroup: Starting thread group... number=1 threads=1 ramp-up=1 delayedStart=false
2025-12-03 13:07:58,783 INFO o.a.j.t.ThreadGroup: Started thread group number 1
2025-12-03 13:07:58,783 INFO o.a.j.e.StandardJMeterEngine: All thread groups have been started
2025-12-03 13:07:58,795 INFO o.a.j.t.JMeterThread: Thread started: Dummy Thread Group 1-1
2025-12-03 13:07:58,834 INFO o.a.j.p.h.s.HTTPHCAbstractImpl: Local host = 043826ffeb6d
2025-12-03 13:07:58,851 INFO o.a.j.p.h.s.HTTPHC4Impl: HTTP request retry count = 0
2025-12-03 13:07:58,853 INFO o.a.j.s.SampleResult: Note: Sample TimeStamps are START times
2025-12-03 13:07:58,853 INFO o.a.j.s.SampleResult: sampleresult.default.encoding is set to UTF-8
2025-12-03 13:07:58,855 INFO o.a.j.s.SampleResult: sampleresult.useNanoTime=true
2025-12-03 13:07:58,855 INFO o.a.j.s.SampleResult: sampleresult.nanoThreadSleep=5000
2025-12-03 13:08:00,576 INFO o.a.j.r.Summariser: summary +      2 in 00:00:02 =    1.1/s Avg:   799 Min:   586 Max:  1013 Err:     0 (0.00%) Active: 1 Started: 1 Finished: 0
2025-12-03 13:08:04,272 INFO o.a.j.t.JMeterThread: Thread is done: Dummy Thread Group 1-1
2025-12-03 13:08:04,272 INFO o.a.j.t.JMeterThread: Thread finished: Dummy Thread Group 1-1
2025-12-03 13:08:04,274 INFO o.a.j.e.StandardJMeterEngine: Notifying test listeners of end of test
2025-12-03 13:08:04,277 INFO o.a.j.r.Summariser: summary +      1 in 00:00:04 =    0.3/s Avg:  3694 Min:  3694 Max:  3694 Err:     0 (0.00%) Active: 0 Started: 1 Finished: 1
2025-12-03 13:08:04,277 INFO o.a.j.r.Summariser: summary =      3 in 00:00:06 =    0.5/s Avg:  1764 Min:   586 Max:  3694 Err:     0 (0.00%)
