2025-12-03 14:27:22,412 INFO o.a.j.u.JMeterUtils: Setting Locale to en_EN
2025-12-03 14:27:22,442 INFO o.a.j.JMeter: Loading user properties from: /opt/jmeter/bin/user.properties
2025-12-03 14:27:22,443 INFO o.a.j.JMeter: Loading system properties from: /opt/jmeter/bin/system.properties
2025-12-03 14:27:22,444 INFO o.a.j.JMeter: Setting JMeter property: jmeter.save.saveservice.output_format=csv
2025-12-03 14:27:22,444 INFO o.a.j.JMeter: Setting JMeter property: jmeter.save.saveservice.autoflush=true
2025-12-03 14:27:22,451 INFO o.a.j.JMeter: Copyright (c) 1998-2023 The Apache Software Foundation
2025-12-03 14:27:22,452 INFO o.a.j.JMeter: Version 5.6.2
2025-12-03 14:27:22,452 INFO o.a.j.JMeter: java.version=11.0.29
2025-12-03 14:27:22,453 INFO o.a.j.JMeter: java.vm.name=OpenJDK 64-Bit Server VM
2025-12-03 14:27:22,453 INFO o.a.j.JMeter: os.name=Linux
2025-12-03 14:27:22,453 INFO o.a.j.JMeter: os.arch=amd64
2025-12-03 14:27:22,453 INFO o.a.j.JMeter: os.version=6.6.87.2-microsoft-standard-WSL2
2025-12-03 14:27:22,453 INFO o.a.j.JMeter: file.encoding=UTF-8
2025-12-03 14:27:22,453 INFO o.a.j.JMeter: java.awt.headless=true
2025-12-03 14:27:22,454 INFO o.a.j.JMeter: Max memory     =1073741824
2025-12-03 14:27:22,454 INFO o.a.j.JMeter: Available Processors =8
2025-12-03 14:27:22,464 INFO o.a.j.JMeter: Default Locale=English (EN)
2025-12-03 14:27:22,464 INFO o.a.j.JMeter: JMeter  Locale=English (EN)
2025-12-03 14:27:22,464 INFO o.a.j.JMeter: JMeterHome=/opt/jmeter
2025-12-03 14:27:22,465 INFO o.a.j.JMeter: user.dir  =/tmp/jmx_controller_sessions/951933fee02b4cc694e4aee7b46719ce
2025-12-03 14:27:22,465 INFO o.a.j.JMeter: PWD       =/tmp/jmx_controller_sessions/951933fee02b4cc694e4aee7b46719ce
2025-12-03 14:27:22,466 INFO o.a.j.JMeter: IP: 172.18.0.2 Name: d51a08a1974f FullName: d51a08a1974f
2025-12-03 14:27:22,487 INFO o.a.j.s.FileServer: Default base='/tmp/jmx_controller_sessions/951933fee02b4cc694e4aee7b46719ce'
2025-12-03 14:27:22,491 INFO o.a.j.s.FileServer: Set new base='/tmp/jmx_controller_sessions/951933fee02b4cc694e4aee7b46719ce'
2025-12-03 14:27:22,748 INFO o.a.j.s.SaveService: Testplan (JMX) version: 2.2. Testlog (JTL) version: 2.2
2025-12-03 14:27:22,781 INFO o.a.j.s.SaveService: Using SaveService properties version 5.0
2025-12-03 14:27:22,785 INFO o.a.j.s.SaveService: Using SaveService properties file encoding UTF-8
2025-12-03 14:27:22,789 INFO o.a.j.s.SaveService: Loading file: /tmp/jmx_controller_sessions/951933fee02b4cc694e4aee7b46719ce/dummy.jmx
2025-12-03 14:27:22,858 INFO o.a.j.p.h.s.HTTPSamplerBase: Parser for text/html is org.apache.jmeter.protocol.http.parser.LagartoBasedHtmlParser
2025-12-03 14:27:22,859 INFO o.a.j.p.h.s.HTTPSamplerBase: Parser for application/xhtml+xml is org.apache.jmeter.protocol.http.parser.LagartoBasedHtmlParser
2025-12-03 14:27:22,859 INFO o.a.j.p.h.s.HTTPSamplerBase: Parser for application/xml is org.apache.jmeter.protocol.http.parser.LagartoBasedHtmlParser
2025-12-03 14:27:22,859 INFO o.a.j.p.h.s.HTTPSamplerBase: Parser for text/xml is org.apache.jmeter.protocol.http.parser.LagartoBasedHtmlParser
2025-12-03 14:27:22,859 INFO o.a.j.p.h.s.HTTPSamplerBase: Parser for text/vnd.wap.wml is org.apache.jmeter.protocol.http.parser.RegexpHTMLParser
2025-12-03 14:27:22,860 INFO o.a.j.p.h.s.HTTPSamplerBase: Parser for text/css is org.apache.jmeter.protocol.http.parser.CssParser
2025-12-03 14:27:22,871 INFO o.a.j.JMeter: Creating summariser <summary>
2025-12-03 14:27:22,892 INFO o.a.j.e.StandardJMeterEngine: Running the test!
2025-12-03 14:27:22,893 INFO o.a.j.s.SampleEvent: List of sample_variables: []
2025-12-03 14:27:22,894 INFO o.a.j.s.SampleEvent: List of sample_variables: []
2025-12-03 14:27:22,914 INFO o.a.j.e.u.CompoundVariable: Note: Function class names must contain the string: '.functions.'
2025-12-03 14:27:22,915 INFO o.a.j.e.u.CompoundVariable: Note: Function class names must not contain the string: '.gui.'
2025-12-03 14:27:23,208 INFO o.a.j.JMeter: Running test (1764772043208)
2025-12-03 14:27:23,254 INFO o.a.j.e.StandardJMeterEngine: Starting ThreadGroup: 1 : Dummy Thread Group
2025-12-03 14:27:23,255 INFO o.a.j.e.StandardJMeterEngine: Starting 1 threads for group Dummy Thread Group.
2025-12-03 14:27:23,255 INFO o.a.j.e.StandardJMeterEngine: Thread will continue on error
2025-12-03 14:27:23,256 INFO o.a.j.t.ThreadGroup: Starting thread group... number=1 threads=1 ramp-up=1 delayedStart=false
2025-12-03 14:27:23,261 INFO o.a.j.t.ThreadGroup: Started thread group number 1
2025-12-03 14:27:23,262 INFO o.a.j.e.StandardJMeterEngine: All thread groups have been started
2025-12-03 14:27:23,270 INFO o.a.j.t.JMeterThread: Thread started: Dummy Thread Group 1-1
2025-12-03 14:27:23,294 INFO o.a.j.p.h.s.HTTPHCAbstractImpl: Local host = d51a08a1974f
2025-12-03 14:27:23,301 INFO o.a.j.p.h.s.HTTPHC4Impl: HTTP request retry count = 0
2025-12-03 14:27:23,303 INFO o.a.j.s.SampleResult: Note: Sample TimeStamps are START times
2025-12-03 14:27:23,303 INFO o.a.j.s.SampleResult: sampleresult.default.encoding is set to UTF-8
2025-12-03 14:27:23,304 INFO o.a.j.s.SampleResult: sampleresult.useNanoTime=true
2025-12-03 14:27:23,304 INFO o.a.j.s.SampleResult: sampleresult.nanoThreadSleep=5000
2025-12-03 14:27:24,915 INFO o.a.j.t.JMeterThread: Thread is done: Dummy Thread Group 1-1
2025-12-03 14:27:24,916 INFO o.a.j.t.JMeterThread: Thread finished: Dummy Thread Group 1-1
2025-12-03 14:27:24,919 INFO o.a.j.e.StandardJMeterEngine: Notifying test listeners of end of test
2025-12-03 14:27:24,924 INFO o.a.j.r.Summariser: summary =      3 in 00:00:02 =    1.8/s Avg:   504 Min:   469 Max:   551 Err:     0 (0.00%)
