2025-12-03 12:53:50,349 INFO o.a.j.u.JMeterUtils: Setting Locale to en_EN
2025-12-03 12:53:50,380 INFO o.a.j.JMeter: Loading user properties from: /opt/jmeter/bin/user.properties
2025-12-03 12:53:50,382 INFO o.a.j.JMeter: Loading system properties from: /opt/jmeter/bin/system.properties
2025-12-03 12:53:50,383 INFO o.a.j.JMeter: Setting JMeter property: jmeter.save.saveservice.output_format=csv
2025-12-03 12:53:50,384 INFO o.a.j.JMeter: Setting JMeter property: jmeter.save.saveservice.thread_counts=true
2025-12-03 12:53:50,384 INFO o.a.j.JMeter: Setting JMeter property: jmeter.save.saveservice.assertion_results=none
2025-12-03 12:53:50,392 INFO o.a.j.JMeter: Copyright (c) 1998-2023 The Apache Software Foundation
2025-12-03 12:53:50,393 INFO o.a.j.JMeter: Version 5.6.2
2025-12-03 12:53:50,393 INFO o.a.j.JMeter: java.version=11.0.29
2025-12-03 12:53:50,394 INFO o.a.j.JMeter: java.vm.name=OpenJDK 64-Bit Server VM
2025-12-03 12:53:50,394 INFO o.a.j.JMeter: os.name=Linux
2025-12-03 12:53:50,394 INFO o.a.j.JMeter: os.arch=amd64
2025-12-03 12:53:50,395 INFO o.a.j.JMeter: os.version=6.6.87.2-microsoft-standard-WSL2
2025-12-03 12:53:50,395 INFO o.a.j.JMeter: file.encoding=UTF-8
2025-12-03 12:53:50,395 INFO o.a.j.JMeter: java.awt.headless=true
2025-12-03 12:53:50,395 INFO o.a.j.JMeter: Max memory     =1073741824
2025-12-03 12:53:50,395 INFO o.a.j.JMeter: Available Processors =8
2025-12-03 12:53:50,405 INFO o.a.j.JMeter: Default Locale=English (EN)
2025-12-03 12:53:50,406 INFO o.a.j.JMeter: JMeter  Locale=English (EN)
2025-12-03 12:53:50,407 INFO o.a.j.JMeter: JMeterHome=/opt/jmeter
2025-12-03 12:53:50,407 INFO o.a.j.JMeter: user.dir  =/tmp/jmx_controller_sessions/3cadcd2e9ec347f9b5296cb474eb2c4c
2025-12-03 12:53:50,408 INFO o.a.j.JMeter: PWD       =/tmp/jmx_controller_sessions/3cadcd2e9ec347f9b5296cb474eb2c4c
2025-12-03 12:53:50,408 INFO o.a.j.JMeter: IP: 172.18.0.2 Name: c29879c5f01a FullName: c29879c5f01a
2025-12-03 12:53:50,429 INFO o.a.j.s.FileServer: Default base='/tmp/jmx_controller_sessions/3cadcd2e9ec347f9b5296cb474eb2c4c'
2025-12-03 12:53:50,432 INFO o.a.j.s.FileServer: Set new base='/tmp/jmx_controller_sessions/3cadcd2e9ec347f9b5296cb474eb2c4c'
2025-12-03 12:53:50,612 INFO o.a.j.s.SaveService: Testplan (JMX) version: 2.2. Testlog (JTL) version: 2.2
2025-12-03 12:53:50,639 INFO o.a.j.s.SaveService: Using SaveService properties version 5.0
2025-12-03 12:53:50,642 INFO o.a.j.s.SaveService: Using SaveService properties file encoding UTF-8
2025-12-03 12:53:50,646 INFO o.a.j.s.SaveService: Loading file: /tmp/jmx_controller_sessions/3cadcd2e9ec347f9b5296cb474eb2c4c/dummy.jmx
2025-12-03 12:53:50,702 INFO o.a.j.p.h.s.HTTPSamplerBase: Parser for text/html is org.apache.jmeter.protocol.http.parser.LagartoBasedHtmlParser
2025-12-03 12:53:50,702 INFO o.a.j.p.h.s.HTTPSamplerBase: Parser for application/xhtml+xml is org.apache.jmeter.protocol.http.parser.LagartoBasedHtmlParser
2025-12-03 12:53:50,703 INFO o.a.j.p.h.s.HTTPSamplerBase: Parser for application/xml is org.apache.jmeter.protocol.http.parser.LagartoBasedHtmlParser
2025-12-03 12:53:50,703 INFO o.a.j.p.h.s.HTTPSamplerBase: Parser for text/xml is org.apache.jmeter.protocol.http.parser.LagartoBasedHtmlParser
2025-12-03 12:53:50,703 INFO o.a.j.p.h.s.HTTPSamplerBase: Parser for text/vnd.wap.wml is org.apache.jmeter.protocol.http.parser.RegexpHTMLParser
2025-12-03 12:53:50,703 INFO o.a.j.p.h.s.HTTPSamplerBase: Parser for text/css is org.apache.jmeter.protocol.http.parser.CssParser
2025-12-03 12:53:50,712 INFO o.a.j.JMeter: Creating summariser <summary>
2025-12-03 12:53:50,728 INFO o.a.j.e.StandardJMeterEngine: Running the test!
2025-12-03 12:53:50,729 INFO o.a.j.s.SampleEvent: List of sample_variables: []
2025-12-03 12:53:50,729 INFO o.a.j.s.SampleEvent: List of sample_variables: []
2025-12-03 12:53:50,745 INFO o.a.j.e.u.CompoundVariable: Note: Function class names must contain the string: '.functions.'
2025-12-03 12:53:50,750 INFO o.a.j.e.u.CompoundVariable: Note: Function class names must not contain the string: '.gui.'
2025-12-03 12:53:51,155 INFO o.a.j.JMeter: Running test (1764766431155)
2025-12-03 12:53:51,198 INFO o.a.j.e.StandardJMeterEngine: Starting ThreadGroup: 1 : Dummy Thread Group
2025-12-03 12:53:51,199 INFO o.a.j.e.StandardJMeterEngine: Starting 1 threads for group Dummy Thread Group.
2025-12-03 12:53:51,199 INFO o.a.j.e.StandardJMeterEngine: Thread will continue on error
2025-12-03 12:53:51,200 INFO o.a.j.t.ThreadGroup: Starting thread group... number=1 threads=1 ramp-up=1 delayedStart=false
2025-12-03 12:53:51,204 INFO o.a.j.t.ThreadGroup: Started thread group number 1
2025-12-03 12:53:51,205 INFO o.a.j.e.StandardJMeterEngine: All thread groups have been started
2025-12-03 12:53:51,212 INFO o.a.j.t.JMeterThread: Thread started: Dummy Thread Group 1-1
2025-12-03 12:53:51,235 INFO o.a.j.p.h.s.HTTPHCAbstractImpl: Local host = c29879c5f01a
2025-12-03 12:53:51,242 INFO o.a.j.p.h.s.HTTPHC4Impl: HTTP request retry count = 0
2025-12-03 12:53:51,243 INFO o.a.j.s.SampleResult: Note: Sample TimeStamps are START times
2025-12-03 12:53:51,244 INFO o.a.j.s.SampleResult: sampleresult.default.encoding is set to UTF-8
2025-12-03 12:53:51,244 INFO o.a.j.s.SampleResult: sampleresult.useNanoTime=true
2025-12-03 12:53:51,244 INFO o.a.j.s.SampleResult: sampleresult.nanoThreadSleep=5000
2025-12-03 12:53:53,729 INFO o.a.j.t.JMeterThread: Thread is done: Dummy Thread Group 1-1
2025-12-03 12:53:53,730 INFO o.a.j.t.JMeterThread: Thread finished: Dummy Thread Group 1-1
2025-12-03 12:53:53,731 INFO o.a.j.e.StandardJMeterEngine: Notifying test listeners of end of test
2025-12-03 12:53:53,736 INFO o.a.j.r.Summariser: summary =      3 in 00:00:03 =    1.2/s Avg:   799 Min:   558 Max:  1270 Err:     0 (0.00%)
