2025-12-03 13:47:39,024 INFO o.a.j.u.JMeterUtils: Setting Locale to en_EN
2025-12-03 13:47:39,052 INFO o.a.j.JMeter: Loading user properties from: /opt/jmeter/bin/user.properties
2025-12-03 13:47:39,054 INFO o.a.j.JMeter: Loading system properties from: /opt/jmeter/bin/system.properties
2025-12-03 13:47:39,055 INFO o.a.j.JMeter: Setting JMeter property: jmeter.save.saveservice.output_format=csv
2025-12-03 13:47:39,055 INFO o.a.j.JMeter: Setting JMeter property: jmeter.save.saveservice.thread_counts=true
2025-12-03 13:47:39,055 INFO o.a.j.JMeter: Setting JMeter property: jmeter.save.saveservice.assertion_results=none
2025-12-03 13:47:39,065 INFO o.a.j.JMeter: Copyright (c) 1998-2023 The Apache Software Foundation
2025-12-03 13:47:39,065 INFO o.a.j.JMeter: Version 5.6.2
2025-12-03 13:47:39,066 INFO o.a.j.JMeter: java.version=11.0.29
2025-12-03 13:47:39,066 INFO o.a.j.JMeter: java.vm.name=OpenJDK 64-Bit Server VM
2025-12-03 13:47:39,066 INFO o.a.j.JMeter: os.name=Linux
2025-12-03 13:47:39,067 INFO o.a.j.JMeter: os.arch=amd64
2025-12-03 13:47:39,067 INFO o.a.j.JMeter: os.version=6.6.87.2-microsoft-standard-WSL2
2025-12-03 13:47:39,067 INFO o.a.j.JMeter: file.encoding=UTF-8
2025-12-03 13:47:39,067 INFO o.a.j.JMeter: java.awt.headless=true
2025-12-03 13:47:39,068 INFO o.a.j.JMeter: Max memory     =1073741824
2025-12-03 13:47:39,068 INFO o.a.j.JMeter: Available Processors =8
2025-12-03 13:47:39,081 INFO o.a.j.JMeter: Default Locale=English (EN)
2025-12-03 13:47:39,082 INFO o.a.j.JMeter: JMeter  Locale=English (EN)
2025-12-03 13:47:39,083 INFO o.a.j.JMeter: JMeterHome=/opt/jmeter
2025-12-03 13:47:39,083 INFO o.a.j.JMeter: user.dir  =/tmp/jmx_controller_sessions/f98ae9dd2e77435090c7c7187a991550
2025-12-03 13:47:39,083 INFO o.a.j.JMeter: PWD       =/tmp/jmx_controller_sessions/f98ae9dd2e77435090c7c7187a991550
2025-12-03 13:47:39,084 INFO o.a.j.JMeter: IP: 172.18.0.2 Name: 53b0959b48a1 FullName: 53b0959b48a1
2025-12-03 13:47:39,103 INFO o.a.j.s.FileServer: Default base='/tmp/jmx_controller_sessions/f98ae9dd2e77435090c7c7187a991550'
2025-12-03 13:47:39,106 INFO o.a.j.s.FileServer: Set new base='/tmp/jmx_controller_sessions/f98ae9dd2e77435090c7c7187a991550'
2025-12-03 13:47:39,303 INFO o.a.j.s.SaveService: Testplan (JMX) version: 2.2. Testlog (JTL) version: 2.2
2025-12-03 13:47:39,332 INFO o.a.j.s.SaveService: Using SaveService properties version 5.0
2025-12-03 13:47:39,335 INFO o.a.j.s.SaveService: Using SaveService properties file encoding UTF-8
2025-12-03 13:47:39,340 INFO o.a.j.s.SaveService: Loading file: /tmp/jmx_controller_sessions/f98ae9dd2e77435090c7c7187a991550/dummy.jmx
2025-12-03 13:47:39,405 INFO o.a.j.p.h.s.HTTPSamplerBase: Parser for text/html is org.apache.jmeter.protocol.http.parser.LagartoBasedHtmlParser
2025-12-03 13:47:39,405 INFO o.a.j.p.h.s.HTTPSamplerBase: Parser for application/xhtml+xml is org.apache.jmeter.protocol.http.parser.LagartoBasedHtmlParser
2025-12-03 13:47:39,406 INFO o.a.j.p.h.s.HTTPSamplerBase: Parser for application/xml is org.apache.jmeter.protocol.http.parser.LagartoBasedHtmlParser
2025-12-03 13:47:39,406 INFO o.a.j.p.h.s.HTTPSamplerBase: Parser for text/xml is org.apache.jmeter.protocol.http.parser.LagartoBasedHtmlParser
2025-12-03 13:47:39,406 INFO o.a.j.p.h.s.HTTPSamplerBase: Parser for text/vnd.wap.wml is org.apache.jmeter.protocol.http.parser.RegexpHTMLParser
2025-12-03 13:47:39,406 INFO o.a.j.p.h.s.HTTPSamplerBase: Parser for text/css is org.apache.jmeter.protocol.http.parser.CssParser
2025-12-03 13:47:39,414 INFO o.a.j.JMeter: Creating summariser <summary>
2025-12-03 13:47:39,431 INFO o.a.j.e.StandardJMeterEngine: Running the test!
2025-12-03 13:47:39,432 INFO o.a.j.s.SampleEvent: List of sample_variables: []
2025-12-03 13:47:39,432 INFO o.a.j.s.SampleEvent: List of sample_variables: []
2025-12-03 13:47:39,450 INFO o.a.j.e.u.CompoundVariable: Note: Function class names must contain the string: '.functions.'
2025-12-03 13:47:39,451 INFO o.a.j.e.u.CompoundVariable: Note: Function class names must not contain the string: '.gui.'
2025-12-03 13:47:39,720 INFO o.a.j.JMeter: Running test (1764769659720)
2025-12-03 13:47:39,766 INFO o.a.j.e.StandardJMeterEngine: Starting ThreadGroup: 1 : Dummy Thread Group
2025-12-03 13:47:39,767 INFO o.a.j.e.StandardJMeterEngine: Starting 1 threads for group Dummy Thread Group.
2025-12-03 13:47:39,767 INFO o.a.j.e.StandardJMeterEngine: Thread will continue on error
2025-12-03 13:47:39,768 INFO o.a.j.t.ThreadGroup: Starting thread group... number=1 threads=1 ramp-up=1 delayedStart=false
2025-12-03 13:47:39,772 INFO o.a.j.t.ThreadGroup: Started thread group number 1
2025-12-03 13:47:39,773 INFO o.a.j.e.StandardJMeterEngine: All thread groups have been started
2025-12-03 13:47:39,781 INFO o.a.j.t.JMeterThread: Thread started: Dummy Thread Group 1-1
2025-12-03 13:47:39,803 INFO o.a.j.p.h.s.HTTPHCAbstractImpl: Local host = 53b0959b48a1
2025-12-03 13:47:39,810 INFO o.a.j.p.h.s.HTTPHC4Impl: HTTP request retry count = 0
2025-12-03 13:47:39,811 INFO o.a.j.s.SampleResult: Note: Sample TimeStamps are START times
2025-12-03 13:47:39,811 INFO o.a.j.s.SampleResult: sampleresult.default.encoding is set to UTF-8
2025-12-03 13:47:39,812 INFO o.a.j.s.SampleResult: sampleresult.useNanoTime=true
2025-12-03 13:47:39,812 INFO o.a.j.s.SampleResult: sampleresult.nanoThreadSleep=5000
2025-12-03 13:47:41,738 INFO o.a.j.t.JMeterThread: Thread is done: Dummy Thread Group 1-1
2025-12-03 13:47:41,738 INFO o.a.j.t.JMeterThread: Thread finished: Dummy Thread Group 1-1
2025-12-03 13:47:41,740 INFO o.a.j.e.StandardJMeterEngine: Notifying test listeners of end of test
2025-12-03 13:47:41,743 INFO o.a.j.r.Summariser: summary =      3 in 00:00:02 =    1.5/s Avg:   614 Min:   599 Max:   634 Err:     0 (0.00%)
