2025-12-03 14:40:53,980 INFO o.a.j.u.JMeterUtils: Setting Locale to en_EN
2025-12-03 14:40:54,027 INFO o.a.j.JMeter: Loading user properties from: /opt/jmeter/bin/user.properties
2025-12-03 14:40:54,028 INFO o.a.j.JMeter: Loading system properties from: /opt/jmeter/bin/system.properties
2025-12-03 14:40:54,030 INFO o.a.j.JMeter: Setting JMeter property: jmeter.save.saveservice.output_format=csv
2025-12-03 14:40:54,030 INFO o.a.j.JMeter: Setting JMeter property: jmeter.save.saveservice.autoflush=true
2025-12-03 14:40:54,041 INFO o.a.j.JMeter: Copyright (c) 1998-2023 The Apache Software Foundation
2025-12-03 14:40:54,042 INFO o.a.j.JMeter: Version 5.6.2
2025-12-03 14:40:54,043 INFO o.a.j.JMeter: java.version=11.0.29
2025-12-03 14:40:54,043 INFO o.a.j.JMeter: java.vm.name=OpenJDK 64-Bit Server VM
2025-12-03 14:40:54,044 INFO o.a.j.JMeter: os.name=Linux
2025-12-03 14:40:54,044 INFO o.a.j.JMeter: os.arch=amd64
2025-12-03 14:40:54,044 INFO o.a.j.JMeter: os.version=6.6.87.2-microsoft-standard-WSL2
2025-12-03 14:40:54,045 INFO o.a.j.JMeter: file.encoding=UTF-8
2025-12-03 14:40:54,045 INFO o.a.j.JMeter: java.awt.headless=true
2025-12-03 14:40:54,045 INFO o.a.j.JMeter: Max memory     =1073741824
2025-12-03 14:40:54,046 INFO o.a.j.JMeter: Available Processors =8
2025-12-03 14:40:54,060 INFO o.a.j.JMeter: Default Locale=English (EN)
2025-12-03 14:40:54,061 INFO o.a.j.JMeter: JMeter  Locale=English (EN)
2025-12-03 14:40:54,061 INFO o.a.j.JMeter: JMeterHome=/opt/jmeter
2025-12-03 14:40:54,062 INFO o.a.j.JMeter: user.dir  =/tmp/jmx_controller_sessions/48cd5e2ec0f34570987b024529d3a709
2025-12-03 14:40:54,062 INFO o.a.j.JMeter: PWD       =/tmp/jmx_controller_sessions/48cd5e2ec0f34570987b024529d3a709
2025-12-03 14:40:54,063 INFO o.a.j.JMeter: IP: 172.18.0.2 Name: 4f01ce84063d FullName: 4f01ce84063d
2025-12-03 14:40:54,094 INFO o.a.j.s.FileServer: Default base='/tmp/jmx_controller_sessions/48cd5e2ec0f34570987b024529d3a709'
2025-12-03 14:40:54,097 INFO o.a.j.s.FileServer: Set new base='/tmp/jmx_controller_sessions/48cd5e2ec0f34570987b024529d3a709'
2025-12-03 14:40:54,443 INFO o.a.j.s.SaveService: Testplan (JMX) version: 2.2. Testlog (JTL) version: 2.2
2025-12-03 14:40:54,487 INFO o.a.j.s.SaveService: Using SaveService properties version 5.0
2025-12-03 14:40:54,492 INFO o.a.j.s.SaveService: Using SaveService properties file encoding UTF-8
2025-12-03 14:40:54,497 INFO o.a.j.s.SaveService: Loading file: /tmp/jmx_controller_sessions/48cd5e2ec0f34570987b024529d3a709/dummy1.jmx
2025-12-03 14:40:54,582 INFO o.a.j.p.h.s.HTTPSamplerBase: Parser for text/html is org.apache.jmeter.protocol.http.parser.LagartoBasedHtmlParser
2025-12-03 14:40:54,582 INFO o.a.j.p.h.s.HTTPSamplerBase: Parser for application/xhtml+xml is org.apache.jmeter.protocol.http.parser.LagartoBasedHtmlParser
2025-12-03 14:40:54,583 INFO o.a.j.p.h.s.HTTPSamplerBase: Parser for application/xml is org.apache.jmeter.protocol.http.parser.LagartoBasedHtmlParser
2025-12-03 14:40:54,583 INFO o.a.j.p.h.s.HTTPSamplerBase: Parser for text/xml is org.apache.jmeter.protocol.http.parser.LagartoBasedHtmlParser
2025-12-03 14:40:54,583 INFO o.a.j.p.h.s.HTTPSamplerBase: Parser for text/vnd.wap.wml is org.apache.jmeter.protocol.http.parser.RegexpHTMLParser
2025-12-03 14:40:54,583 INFO o.a.j.p.h.s.HTTPSamplerBase: Parser for text/css is org.apache.jmeter.protocol.http.parser.CssParser
2025-12-03 14:40:54,602 INFO o.a.j.JMeter: Creating summariser <summary>
2025-12-03 14:40:54,637 INFO o.a.j.e.StandardJMeterEngine: Running the test!
2025-12-03 14:40:54,639 INFO o.a.j.s.SampleEvent: List of sample_variables: []
2025-12-03 14:40:54,639 INFO o.a.j.s.SampleEvent: List of sample_variables: []
2025-12-03 14:40:54,671 INFO o.a.j.e.u.CompoundVariable: Note: Function class names must contain the string: '.functions.'
2025-12-03 14:40:54,672 INFO o.a.j.e.u.CompoundVariable: Note: Function class names must not contain the string: '.gui.'
2025-12-03 14:40:55,130 INFO o.a.j.JMeter: Running test (1764772855129)
2025-12-03 14:40:55,171 INFO o.a.j.e.StandardJMeterEngine: Starting ThreadGroup: 1 : Heavy Load Users
2025-12-03 14:40:55,172 INFO o.a.j.e.StandardJMeterEngine: Starting 200 threads for group Heavy Load Users.
2025-12-03 14:40:55,172 INFO o.a.j.e.StandardJMeterEngine: Thread will continue on error
2025-12-03 14:40:55,173 INFO o.a.j.t.ThreadGroup: Starting thread group... number=1 threads=200 ramp-up=30 delayedStart=false
2025-12-03 14:40:55,206 INFO o.a.j.t.JMeterThread: Thread started: Heavy Load Users 1-1
2025-12-03 14:40:55,257 INFO o.a.j.p.h.s.HTTPHCAbstractImpl: Local host = 4f01ce84063d
2025-12-03 14:40:55,275 INFO o.a.j.p.h.s.HTTPHC4Impl: HTTP request retry count = 0
2025-12-03 14:40:55,278 INFO o.a.j.s.SampleResult: Note: Sample TimeStamps are START times
2025-12-03 14:40:55,279 INFO o.a.j.s.SampleResult: sampleresult.default.encoding is set to UTF-8
2025-12-03 14:40:55,281 INFO o.a.j.s.SampleResult: sampleresult.useNanoTime=true
2025-12-03 14:40:55,281 INFO o.a.j.s.SampleResult: sampleresult.nanoThreadSleep=5000
2025-12-03 14:40:55,348 INFO o.a.j.t.JMeterThread: Thread started: Heavy Load Users 1-2
2025-12-03 14:40:55,370 INFO o.a.j.t.ThreadGroup: Started thread group number 1
2025-12-03 14:40:55,370 INFO o.a.j.e.StandardJMeterEngine: All thread groups have been started
2025-12-03 14:40:55,489 INFO o.a.j.t.JMeterThread: Thread started: Heavy Load Users 1-3
2025-12-03 14:40:55,637 INFO o.a.j.t.JMeterThread: Thread started: Heavy Load Users 1-4
2025-12-03 14:40:55,789 INFO o.a.j.t.JMeterThread: Thread started: Heavy Load Users 1-5
2025-12-03 14:40:55,933 INFO o.a.j.t.JMeterThread: Thread started: Heavy Load Users 1-6
2025-12-03 14:40:55,947 INFO o.a.j.t.JMeterThread: Thread is done: Heavy Load Users 1-1
2025-12-03 14:40:55,948 INFO o.a.j.t.JMeterThread: Thread finished: Heavy Load Users 1-1
2025-12-03 14:40:55,964 INFO o.a.j.t.JMeterThread: Thread is done: Heavy Load Users 1-2
2025-12-03 14:40:55,965 INFO o.a.j.t.JMeterThread: Thread finished: Heavy Load Users 1-2
2025-12-03 14:40:55,969 INFO o.a.j.t.JMeterThread: Thread is done: Heavy Load Users 1-3
2025-12-03 14:40:55,971 INFO o.a.j.t.JMeterThread: Thread finished: Heavy Load Users 1-3
2025-12-03 14:40:56,046 INFO o.a.j.t.JMeterThread: Thread is done: Heavy Load Users 1-4
2025-12-03 14:40:56,047 INFO o.a.j.t.JMeterThread: Thread finished: Heavy Load Users 1-4
2025-12-03 14:40:56,080 INFO o.a.j.t.JMeterThread: Thread started: Heavy Load Users 1-7
2025-12-03 14:40:56,127 INFO o.a.j.t.JMeterThread: Thread is done: Heavy Load Users 1-5
2025-12-03 14:40:56,127 INFO o.a.j.t.JMeterThread: Thread finished: Heavy Load Users 1-5
2025-12-03 14:40:56,161 INFO o.a.j.t.JMeterThread: Thread is done: Heavy Load Users 1-6
2025-12-03 14:40:56,161 INFO o.a.j.t.JMeterThread: Thread finished: Heavy Load Users 1-6
2025-12-03 14:40:56,228 INFO o.a.j.t.JMeterThread: Thread started: Heavy Load Users 1-8
2025-12-03 14:40:56,257 INFO o.a.j.t.JMeterThread: Thread is done: Heavy Load Users 1-7
2025-12-03 14:40:56,257 INFO o.a.j.t.JMeterThread: Thread finished: Heavy Load Users 1-7
2025-12-03 14:40:56,377 INFO o.a.j.t.JMeterThread: Thread started: Heavy Load Users 1-9
2025-12-03 14:40:56,390 INFO o.a.j.t.JMeterThread: Thread is done: Heavy Load Users 1-8
2025-12-03 14:40:56,392 INFO o.a.j.t.JMeterThread: Thread finished: Heavy Load Users 1-8
2025-12-03 14:40:56,523 INFO o.a.j.t.JMeterThread: Thread is done: Heavy Load Users 1-9
2025-12-03 14:40:56,524 INFO o.a.j.t.JMeterThread: Thread finished: Heavy Load Users 1-9
2025-12-03 14:40:56,528 INFO o.a.j.t.JMeterThread: Thread started: Heavy Load Users 1-10
2025-12-03 14:40:56,655 INFO o.a.j.t.JMeterThread: Thread is done: Heavy Load Users 1-10
2025-12-03 14:40:56,656 INFO o.a.j.t.JMeterThread: Thread finished: Heavy Load Users 1-10
2025-12-03 14:40:56,677 INFO o.a.j.t.JMeterThread: Thread started: Heavy Load Users 1-11
2025-12-03 14:40:56,826 INFO o.a.j.t.JMeterThread: Thread started: Heavy Load Users 1-12
2025-12-03 14:40:56,844 INFO o.a.j.t.JMeterThread: Thread is done: Heavy Load Users 1-11
2025-12-03 14:40:56,845 INFO o.a.j.t.JMeterThread: Thread finished: Heavy Load Users 1-11
2025-12-03 14:40:56,950 INFO o.a.j.t.JMeterThread: Thread is done: Heavy Load Users 1-12
2025-12-03 14:40:56,950 INFO o.a.j.t.JMeterThread: Thread finished: Heavy Load Users 1-12
2025-12-03 14:40:56,976 INFO o.a.j.t.JMeterThread: Thread started: Heavy Load Users 1-13
2025-12-03 14:40:57,089 INFO o.a.j.t.JMeterThread: Thread is done: Heavy Load Users 1-13
2025-12-03 14:40:57,089 INFO o.a.j.t.JMeterThread: Thread finished: Heavy Load Users 1-13
2025-12-03 14:40:57,127 INFO o.a.j.t.JMeterThread: Thread started: Heavy Load Users 1-14
2025-12-03 14:40:57,230 INFO o.a.j.t.JMeterThread: Thread is done: Heavy Load Users 1-14
2025-12-03 14:40:57,231 INFO o.a.j.t.JMeterThread: Thread finished: Heavy Load Users 1-14
2025-12-03 14:40:57,276 INFO o.a.j.t.JMeterThread: Thread started: Heavy Load Users 1-15
2025-12-03 14:40:57,382 INFO o.a.j.t.JMeterThread: Thread is done: Heavy Load Users 1-15
2025-12-03 14:40:57,382 INFO o.a.j.t.JMeterThread: Thread finished: Heavy Load Users 1-15
2025-12-03 14:40:57,426 INFO o.a.j.t.JMeterThread: Thread started: Heavy Load Users 1-16
2025-12-03 14:40:57,522 INFO o.a.j.t.JMeterThread: Thread is done: Heavy Load Users 1-16
2025-12-03 14:40:57,523 INFO o.a.j.t.JMeterThread: Thread finished: Heavy Load Users 1-16
2025-12-03 14:40:57,575 INFO o.a.j.t.JMeterThread: Thread started: Heavy Load Users 1-17
2025-12-03 14:40:57,689 INFO o.a.j.t.JMeterThread: Thread is done: Heavy Load Users 1-17
2025-12-03 14:40:57,689 INFO o.a.j.t.JMeterThread: Thread finished: Heavy Load Users 1-17
2025-12-03 14:40:57,726 INFO o.a.j.t.JMeterThread: Thread started: Heavy Load Users 1-18
2025-12-03 14:40:57,829 INFO o.a.j.t.JMeterThread: Thread is done: Heavy Load Users 1-18
2025-12-03 14:40:57,830 INFO o.a.j.t.JMeterThread: Thread finished: Heavy Load Users 1-18
2025-12-03 14:40:57,876 INFO o.a.j.t.JMeterThread: Thread started: Heavy Load Users 1-19
2025-12-03 14:40:57,962 INFO o.a.j.t.JMeterThread: Thread is done: Heavy Load Users 1-19
2025-12-03 14:40:57,962 INFO o.a.j.t.JMeterThread: Thread finished: Heavy Load Users 1-19
2025-12-03 14:40:58,025 INFO o.a.j.t.JMeterThread: Thread started: Heavy Load Users 1-20
2025-12-03 14:40:58,125 INFO o.a.j.t.JMeterThread: Thread is done: Heavy Load Users 1-20
2025-12-03 14:40:58,125 INFO o.a.j.t.JMeterThread: Thread finished: Heavy Load Users 1-20
2025-12-03 14:40:58,176 INFO o.a.j.t.JMeterThread: Thread started: Heavy Load Users 1-21
2025-12-03 14:40:58,266 INFO o.a.j.t.JMeterThread: Thread is done: Heavy Load Users 1-21
2025-12-03 14:40:58,266 INFO o.a.j.t.JMeterThread: Thread finished: Heavy Load Users 1-21
2025-12-03 14:40:58,326 INFO o.a.j.t.JMeterThread: Thread started: Heavy Load Users 1-22
2025-12-03 14:40:58,408 INFO o.a.j.t.JMeterThread: Thread is done: Heavy Load Users 1-22
2025-12-03 14:40:58,408 INFO o.a.j.t.JMeterThread: Thread finished: Heavy Load Users 1-22
2025-12-03 14:40:58,476 INFO o.a.j.t.JMeterThread: Thread started: Heavy Load Users 1-23
2025-12-03 14:40:58,565 INFO o.a.j.t.JMeterThread: Thread is done: Heavy Load Users 1-23
2025-12-03 14:40:58,565 INFO o.a.j.t.JMeterThread: Thread finished: Heavy Load Users 1-23
2025-12-03 14:40:58,627 INFO o.a.j.t.JMeterThread: Thread started: Heavy Load Users 1-24
2025-12-03 14:40:58,712 INFO o.a.j.t.JMeterThread: Thread is done: Heavy Load Users 1-24
2025-12-03 14:40:58,713 INFO o.a.j.t.JMeterThread: Thread finished: Heavy Load Users 1-24
2025-12-03 14:40:58,777 INFO o.a.j.t.JMeterThread: Thread started: Heavy Load Users 1-25
2025-12-03 14:40:58,858 INFO o.a.j.t.JMeterThread: Thread is done: Heavy Load Users 1-25
2025-12-03 14:40:58,859 INFO o.a.j.t.JMeterThread: Thread finished: Heavy Load Users 1-25
2025-12-03 14:40:58,925 INFO o.a.j.t.JMeterThread: Thread started: Heavy Load Users 1-26
2025-12-03 14:40:59,006 INFO o.a.j.t.JMeterThread: Thread is done: Heavy Load Users 1-26
2025-12-03 14:40:59,006 INFO o.a.j.t.JMeterThread: Thread finished: Heavy Load Users 1-26
2025-12-03 14:40:59,076 INFO o.a.j.t.JMeterThread: Thread started: Heavy Load Users 1-27
2025-12-03 14:40:59,157 INFO o.a.j.t.JMeterThread: Thread is done: Heavy Load Users 1-27
2025-12-03 14:40:59,158 INFO o.a.j.t.JMeterThread: Thread finished: Heavy Load Users 1-27
2025-12-03 14:40:59,226 INFO o.a.j.t.JMeterThread: Thread started: Heavy Load Users 1-28
2025-12-03 14:40:59,312 INFO o.a.j.t.JMeterThread: Thread is done: Heavy Load Users 1-28
2025-12-03 14:40:59,313 INFO o.a.j.t.JMeterThread: Thread finished: Heavy Load Users 1-28
2025-12-03 14:40:59,377 INFO o.a.j.t.JMeterThread: Thread started: Heavy Load Users 1-29
2025-12-03 14:40:59,466 INFO o.a.j.t.JMeterThread: Thread is done: Heavy Load Users 1-29
2025-12-03 14:40:59,467 INFO o.a.j.t.JMeterThread: Thread finished: Heavy Load Users 1-29
2025-12-03 14:40:59,526 INFO o.a.j.t.JMeterThread: Thread started: Heavy Load Users 1-30
2025-12-03 14:40:59,606 INFO o.a.j.t.JMeterThread: Thread is done: Heavy Load Users 1-30
2025-12-03 14:40:59,606 INFO o.a.j.t.JMeterThread: Thread finished: Heavy Load Users 1-30
2025-12-03 14:40:59,675 INFO o.a.j.t.JMeterThread: Thread started: Heavy Load Users 1-31
2025-12-03 14:40:59,767 INFO o.a.j.t.JMeterThread: Thread is done: Heavy Load Users 1-31
2025-12-03 14:40:59,767 INFO o.a.j.t.JMeterThread: Thread finished: Heavy Load Users 1-31
2025-12-03 14:40:59,826 INFO o.a.j.t.JMeterThread: Thread started: Heavy Load Users 1-32
2025-12-03 14:40:59,977 INFO o.a.j.t.JMeterThread: Thread started: Heavy Load Users 1-33
2025-12-03 14:41:00,002 INFO o.a.j.r.Summariser: summary +   2520 in 00:00:05 =  517.2/s Avg:     0 Min:     0 Max:    43 Err:  2520 (100.00%) Active: 2 Started: 33 Finished: 31
2025-12-03 14:41:00,113 INFO o.a.j.t.JMeterThread: Thread is done: Heavy Load Users 1-32
2025-12-03 14:41:00,113 INFO o.a.j.t.JMeterThread: Thread finished: Heavy Load Users 1-32
2025-12-03 14:41:00,116 INFO o.a.j.t.JMeterThread: Thread is done: Heavy Load Users 1-33
2025-12-03 14:41:00,116 INFO o.a.j.t.JMeterThread: Thread finished: Heavy Load Users 1-33
2025-12-03 14:41:00,127 INFO o.a.j.t.JMeterThread: Thread started: Heavy Load Users 1-34
2025-12-03 14:41:00,183 INFO o.a.j.t.JMeterThread: Thread is done: Heavy Load Users 1-34
2025-12-03 14:41:00,183 INFO o.a.j.t.JMeterThread: Thread finished: Heavy Load Users 1-34
2025-12-03 14:41:00,275 INFO o.a.j.t.JMeterThread: Thread started: Heavy Load Users 1-35
2025-12-03 14:41:00,347 INFO o.a.j.t.JMeterThread: Thread is done: Heavy Load Users 1-35
2025-12-03 14:41:00,347 INFO o.a.j.t.JMeterThread: Thread finished: Heavy Load Users 1-35
2025-12-03 14:41:00,425 INFO o.a.j.t.JMeterThread: Thread started: Heavy Load Users 1-36
2025-12-03 14:41:00,494 INFO o.a.j.t.JMeterThread: Thread is done: Heavy Load Users 1-36
2025-12-03 14:41:00,495 INFO o.a.j.t.JMeterThread: Thread finished: Heavy Load Users 1-36
2025-12-03 14:41:00,576 INFO o.a.j.t.JMeterThread: Thread started: Heavy Load Users 1-37
2025-12-03 14:41:00,674 INFO o.a.j.t.JMeterThread: Thread is done: Heavy Load Users 1-37
2025-12-03 14:41:00,675 INFO o.a.j.t.JMeterThread: Thread finished: Heavy Load Users 1-37
2025-12-03 14:41:00,727 INFO o.a.j.t.JMeterThread: Thread started: Heavy Load Users 1-38
2025-12-03 14:41:00,875 INFO o.a.j.t.JMeterThread: Thread started: Heavy Load Users 1-39
2025-12-03 14:41:00,977 INFO o.a.j.t.JMeterThread: Thread is done: Heavy Load Users 1-38
2025-12-03 14:41:00,978 INFO o.a.j.t.JMeterThread: Thread finished: Heavy Load Users 1-38
2025-12-03 14:41:01,025 INFO o.a.j.t.JMeterThread: Thread started: Heavy Load Users 1-40
2025-12-03 14:41:01,030 INFO o.a.j.t.JMeterThread: Thread is done: Heavy Load Users 1-39
2025-12-03 14:41:01,031 INFO o.a.j.t.JMeterThread: Thread finished: Heavy Load Users 1-39
2025-12-03 14:41:01,109 INFO o.a.j.t.JMeterThread: Thread is done: Heavy Load Users 1-40
2025-12-03 14:41:01,110 INFO o.a.j.t.JMeterThread: Thread finished: Heavy Load Users 1-40
2025-12-03 14:41:01,175 INFO o.a.j.t.JMeterThread: Thread started: Heavy Load Users 1-41
2025-12-03 14:41:01,263 INFO o.a.j.t.JMeterThread: Thread is done: Heavy Load Users 1-41
2025-12-03 14:41:01,263 INFO o.a.j.t.JMeterThread: Thread finished: Heavy Load Users 1-41
2025-12-03 14:41:01,325 INFO o.a.j.t.JMeterThread: Thread started: Heavy Load Users 1-42
2025-12-03 14:41:01,403 INFO o.a.j.t.JMeterThread: Thread is done: Heavy Load Users 1-42
2025-12-03 14:41:01,404 INFO o.a.j.t.JMeterThread: Thread finished: Heavy Load Users 1-42
2025-12-03 14:41:01,475 INFO o.a.j.t.JMeterThread: Thread started: Heavy Load Users 1-43
2025-12-03 14:41:01,542 INFO o.a.j.t.JMeterThread: Thread is done: Heavy Load Users 1-43
2025-12-03 14:41:01,543 INFO o.a.j.t.JMeterThread: Thread finished: Heavy Load Users 1-43
2025-12-03 14:41:01,626 INFO o.a.j.t.JMeterThread: Thread started: Heavy Load Users 1-44
2025-12-03 14:41:01,699 INFO o.a.j.t.JMeterThread: Thread is done: Heavy Load Users 1-44
2025-12-03 14:41:01,700 INFO o.a.j.t.JMeterThread: Thread finished: Heavy Load Users 1-44
2025-12-03 14:41:01,775 INFO o.a.j.t.JMeterThread: Thread started: Heavy Load Users 1-45
2025-12-03 14:41:01,845 INFO o.a.j.t.JMeterThread: Thread is done: Heavy Load Users 1-45
2025-12-03 14:41:01,846 INFO o.a.j.t.JMeterThread: Thread finished: Heavy Load Users 1-45
2025-12-03 14:41:01,926 INFO o.a.j.t.JMeterThread: Thread started: Heavy Load Users 1-46
2025-12-03 14:41:01,993 INFO o.a.j.t.JMeterThread: Thread is done: Heavy Load Users 1-46
2025-12-03 14:41:01,994 INFO o.a.j.t.JMeterThread: Thread finished: Heavy Load Users 1-46
2025-12-03 14:41:02,075 INFO o.a.j.t.JMeterThread: Thread started: Heavy Load Users 1-47
2025-12-03 14:41:02,147 INFO o.a.j.t.JMeterThread: Thread is done: Heavy Load Users 1-47
2025-12-03 14:41:02,147 INFO o.a.j.t.JMeterThread: Thread finished: Heavy Load Users 1-47
2025-12-03 14:41:02,227 INFO o.a.j.t.JMeterThread: Thread started: Heavy Load Users 1-48
2025-12-03 14:41:02,307 INFO o.a.j.t.JMeterThread: Thread is done: Heavy Load Users 1-48
2025-12-03 14:41:02,307 INFO o.a.j.t.JMeterThread: Thread finished: Heavy Load Users 1-48
2025-12-03 14:41:02,376 INFO o.a.j.t.JMeterThread: Thread started: Heavy Load Users 1-49
2025-12-03 14:41:02,465 INFO o.a.j.t.JMeterThread: Thread is done: Heavy Load Users 1-49
2025-12-03 14:41:02,466 INFO o.a.j.t.JMeterThread: Thread finished: Heavy Load Users 1-49
2025-12-03 14:41:02,525 INFO o.a.j.t.JMeterThread: Thread started: Heavy Load Users 1-50
2025-12-03 14:41:02,594 INFO o.a.j.t.JMeterThread: Thread is done: Heavy Load Users 1-50
2025-12-03 14:41:02,594 INFO o.a.j.t.JMeterThread: Thread finished: Heavy Load Users 1-50
2025-12-03 14:41:02,675 INFO o.a.j.t.JMeterThread: Thread started: Heavy Load Users 1-51
2025-12-03 14:41:02,762 INFO o.a.j.t.JMeterThread: Thread is done: Heavy Load Users 1-51
2025-12-03 14:41:02,762 INFO o.a.j.t.JMeterThread: Thread finished: Heavy Load Users 1-51
2025-12-03 14:41:02,826 INFO o.a.j.t.JMeterThread: Thread started: Heavy Load Users 1-52
2025-12-03 14:41:02,901 INFO o.a.j.t.JMeterThread: Thread is done: Heavy Load Users 1-52
2025-12-03 14:41:02,902 INFO o.a.j.t.JMeterThread: Thread finished: Heavy Load Users 1-52
2025-12-03 14:41:02,976 INFO o.a.j.t.JMeterThread: Thread started: Heavy Load Users 1-53
2025-12-03 14:41:03,061 INFO o.a.j.t.JMeterThread: Thread is done: Heavy Load Users 1-53
2025-12-03 14:41:03,061 INFO o.a.j.t.JMeterThread: Thread finished: Heavy Load Users 1-53
2025-12-03 14:41:03,125 INFO o.a.j.t.JMeterThread: Thread started: Heavy Load Users 1-54
2025-12-03 14:41:03,230 INFO o.a.j.t.JMeterThread: Thread is done: Heavy Load Users 1-54
2025-12-03 14:41:03,230 INFO o.a.j.t.JMeterThread: Thread finished: Heavy Load Users 1-54
2025-12-03 14:41:03,276 INFO o.a.j.t.JMeterThread: Thread started: Heavy Load Users 1-55
2025-12-03 14:41:03,364 INFO o.a.j.t.JMeterThread: Thread is done: Heavy Load Users 1-55
2025-12-03 14:41:03,364 INFO o.a.j.t.JMeterThread: Thread finished: Heavy Load Users 1-55
2025-12-03 14:41:03,425 INFO o.a.j.t.JMeterThread: Thread started: Heavy Load Users 1-56
2025-12-03 14:41:03,505 INFO o.a.j.t.JMeterThread: Thread is done: Heavy Load Users 1-56
2025-12-03 14:41:03,505 INFO o.a.j.t.JMeterThread: Thread finished: Heavy Load Users 1-56
2025-12-03 14:41:03,576 INFO o.a.j.t.JMeterThread: Thread started: Heavy Load Users 1-57
2025-12-03 14:41:03,652 INFO o.a.j.t.JMeterThread: Thread is done: Heavy Load Users 1-57
2025-12-03 14:41:03,653 INFO o.a.j.t.JMeterThread: Thread finished: Heavy Load Users 1-57
2025-12-03 14:41:03,725 INFO o.a.j.t.JMeterThread: Thread started: Heavy Load Users 1-58
2025-12-03 14:41:03,823 INFO o.a.j.t.JMeterThread: Thread is done: Heavy Load Users 1-58
2025-12-03 14:41:03,823 INFO o.a.j.t.JMeterThread: Thread finished: Heavy Load Users 1-58
2025-12-03 14:41:03,876 INFO o.a.j.t.JMeterThread: Thread started: Heavy Load Users 1-59
2025-12-03 14:41:03,956 INFO o.a.j.t.JMeterThread: Thread is done: Heavy Load Users 1-59
2025-12-03 14:41:03,956 INFO o.a.j.t.JMeterThread: Thread finished: Heavy Load Users 1-59
2025-12-03 14:41:04,026 INFO o.a.j.t.JMeterThread: Thread started: Heavy Load Users 1-60
2025-12-03 14:41:04,104 INFO o.a.j.t.JMeterThread: Thread is done: Heavy Load Users 1-60
2025-12-03 14:41:04,104 INFO o.a.j.t.JMeterThread: Thread finished: Heavy Load Users 1-60
2025-12-03 14:41:04,177 INFO o.a.j.t.JMeterThread: Thread started: Heavy Load Users 1-61
2025-12-03 14:41:04,270 INFO o.a.j.t.JMeterThread: Thread is done: Heavy Load Users 1-61
2025-12-03 14:41:04,271 INFO o.a.j.t.JMeterThread: Thread finished: Heavy Load Users 1-61
2025-12-03 14:41:04,326 INFO o.a.j.t.JMeterThread: Thread started: Heavy Load Users 1-62
2025-12-03 14:41:04,397 INFO o.a.j.t.JMeterThread: Thread is done: Heavy Load Users 1-62
2025-12-03 14:41:04,397 INFO o.a.j.t.JMeterThread: Thread finished: Heavy Load Users 1-62
2025-12-03 14:41:04,477 INFO o.a.j.t.JMeterThread: Thread started: Heavy Load Users 1-63
2025-12-03 14:41:04,558 INFO o.a.j.t.JMeterThread: Thread is done: Heavy Load Users 1-63
2025-12-03 14:41:04,559 INFO o.a.j.t.JMeterThread: Thread finished: Heavy Load Users 1-63
2025-12-03 14:41:04,626 INFO o.a.j.t.JMeterThread: Thread started: Heavy Load Users 1-64
2025-12-03 14:41:04,700 INFO o.a.j.t.JMeterThread: Thread is done: Heavy Load Users 1-64
2025-12-03 14:41:04,701 INFO o.a.j.t.JMeterThread: Thread finished: Heavy Load Users 1-64
2025-12-03 14:41:04,776 INFO o.a.j.t.JMeterThread: Thread started: Heavy Load Users 1-65
2025-12-03 14:41:04,882 INFO o.a.j.t.JMeterThread: Thread is done: Heavy Load Users 1-65
2025-12-03 14:41:04,883 INFO o.a.j.t.JMeterThread: Thread finished: Heavy Load Users 1-65
2025-12-03 14:41:04,925 INFO o.a.j.t.JMeterThread: Thread started: Heavy Load Users 1-66
2025-12-03 14:41:04,995 INFO o.a.j.t.JMeterThread: Thread is done: Heavy Load Users 1-66
2025-12-03 14:41:04,996 INFO o.a.j.t.JMeterThread: Thread finished: Heavy Load Users 1-66
2025-12-03 14:41:05,077 INFO o.a.j.t.JMeterThread: Thread started: Heavy Load Users 1-67
2025-12-03 14:41:05,170 INFO o.a.j.t.JMeterThread: Thread is done: Heavy Load Users 1-67
2025-12-03 14:41:05,170 INFO o.a.j.t.JMeterThread: Thread finished: Heavy Load Users 1-67
2025-12-03 14:41:05,225 INFO o.a.j.t.JMeterThread: Thread started: Heavy Load Users 1-68
2025-12-03 14:41:05,288 INFO o.a.j.t.JMeterThread: Thread is done: Heavy Load Users 1-68
2025-12-03 14:41:05,289 INFO o.a.j.t.JMeterThread: Thread finished: Heavy Load Users 1-68
2025-12-03 14:41:05,375 INFO o.a.j.t.JMeterThread: Thread started: Heavy Load Users 1-69
2025-12-03 14:41:05,429 INFO o.a.j.t.JMeterThread: Thread is done: Heavy Load Users 1-69
2025-12-03 14:41:05,430 INFO o.a.j.t.JMeterThread: Thread finished: Heavy Load Users 1-69
2025-12-03 14:41:05,526 INFO o.a.j.t.JMeterThread: Thread started: Heavy Load Users 1-70
2025-12-03 14:41:05,576 INFO o.a.j.t.JMeterThread: Thread is done: Heavy Load Users 1-70
2025-12-03 14:41:05,576 INFO o.a.j.t.JMeterThread: Thread finished: Heavy Load Users 1-70
2025-12-03 14:41:05,675 INFO o.a.j.t.JMeterThread: Thread started: Heavy Load Users 1-71
2025-12-03 14:41:05,734 INFO o.a.j.t.JMeterThread: Thread is done: Heavy Load Users 1-71
2025-12-03 14:41:05,734 INFO o.a.j.t.JMeterThread: Thread finished: Heavy Load Users 1-71
2025-12-03 14:41:05,825 INFO o.a.j.t.JMeterThread: Thread started: Heavy Load Users 1-72
2025-12-03 14:41:05,899 INFO o.a.j.t.JMeterThread: Thread is done: Heavy Load Users 1-72
2025-12-03 14:41:05,900 INFO o.a.j.t.JMeterThread: Thread finished: Heavy Load Users 1-72
2025-12-03 14:41:05,975 INFO o.a.j.t.JMeterThread: Thread started: Heavy Load Users 1-73
2025-12-03 14:41:06,044 INFO o.a.j.t.JMeterThread: Thread is done: Heavy Load Users 1-73
2025-12-03 14:41:06,045 INFO o.a.j.t.JMeterThread: Thread finished: Heavy Load Users 1-73
2025-12-03 14:41:06,125 INFO o.a.j.t.JMeterThread: Thread started: Heavy Load Users 1-74
2025-12-03 14:41:06,190 INFO o.a.j.t.JMeterThread: Thread is done: Heavy Load Users 1-74
2025-12-03 14:41:06,190 INFO o.a.j.t.JMeterThread: Thread finished: Heavy Load Users 1-74
2025-12-03 14:41:06,276 INFO o.a.j.t.JMeterThread: Thread started: Heavy Load Users 1-75
2025-12-03 14:41:06,338 INFO o.a.j.t.JMeterThread: Thread is done: Heavy Load Users 1-75
2025-12-03 14:41:06,339 INFO o.a.j.t.JMeterThread: Thread finished: Heavy Load Users 1-75
2025-12-03 14:41:06,425 INFO o.a.j.t.JMeterThread: Thread started: Heavy Load Users 1-76
2025-12-03 14:41:06,471 INFO o.a.j.t.JMeterThread: Thread is done: Heavy Load Users 1-76
2025-12-03 14:41:06,471 INFO o.a.j.t.JMeterThread: Thread finished: Heavy Load Users 1-76
2025-12-03 14:41:06,576 INFO o.a.j.t.JMeterThread: Thread started: Heavy Load Users 1-77
2025-12-03 14:41:06,627 INFO o.a.j.t.JMeterThread: Thread is done: Heavy Load Users 1-77
2025-12-03 14:41:06,627 INFO o.a.j.t.JMeterThread: Thread finished: Heavy Load Users 1-77
2025-12-03 14:41:06,727 INFO o.a.j.t.JMeterThread: Thread started: Heavy Load Users 1-78
2025-12-03 14:41:06,767 INFO o.a.j.t.JMeterThread: Thread is done: Heavy Load Users 1-78
2025-12-03 14:41:06,768 INFO o.a.j.t.JMeterThread: Thread finished: Heavy Load Users 1-78
2025-12-03 14:41:06,875 INFO o.a.j.t.JMeterThread: Thread started: Heavy Load Users 1-79
2025-12-03 14:41:06,926 INFO o.a.j.t.JMeterThread: Thread is done: Heavy Load Users 1-79
2025-12-03 14:41:06,926 INFO o.a.j.t.JMeterThread: Thread finished: Heavy Load Users 1-79
2025-12-03 14:41:07,026 INFO o.a.j.t.JMeterThread: Thread started: Heavy Load Users 1-80
2025-12-03 14:41:07,082 INFO o.a.j.t.JMeterThread: Thread is done: Heavy Load Users 1-80
2025-12-03 14:41:07,082 INFO o.a.j.t.JMeterThread: Thread finished: Heavy Load Users 1-80
2025-12-03 14:41:07,176 INFO o.a.j.t.JMeterThread: Thread started: Heavy Load Users 1-81
2025-12-03 14:41:07,241 INFO o.a.j.t.JMeterThread: Thread is done: Heavy Load Users 1-81
2025-12-03 14:41:07,241 INFO o.a.j.t.JMeterThread: Thread finished: Heavy Load Users 1-81
2025-12-03 14:41:07,325 INFO o.a.j.t.JMeterThread: Thread started: Heavy Load Users 1-82
2025-12-03 14:41:07,373 INFO o.a.j.t.JMeterThread: Thread is done: Heavy Load Users 1-82
2025-12-03 14:41:07,373 INFO o.a.j.t.JMeterThread: Thread finished: Heavy Load Users 1-82
2025-12-03 14:41:07,475 INFO o.a.j.t.JMeterThread: Thread started: Heavy Load Users 1-83
2025-12-03 14:41:07,526 INFO o.a.j.t.JMeterThread: Thread is done: Heavy Load Users 1-83
2025-12-03 14:41:07,526 INFO o.a.j.t.JMeterThread: Thread finished: Heavy Load Users 1-83
2025-12-03 14:41:07,627 INFO o.a.j.t.JMeterThread: Thread started: Heavy Load Users 1-84
2025-12-03 14:41:07,683 INFO o.a.j.t.JMeterThread: Thread is done: Heavy Load Users 1-84
2025-12-03 14:41:07,684 INFO o.a.j.t.JMeterThread: Thread finished: Heavy Load Users 1-84
2025-12-03 14:41:07,775 INFO o.a.j.t.JMeterThread: Thread started: Heavy Load Users 1-85
2025-12-03 14:41:07,841 INFO o.a.j.t.JMeterThread: Thread is done: Heavy Load Users 1-85
2025-12-03 14:41:07,842 INFO o.a.j.t.JMeterThread: Thread finished: Heavy Load Users 1-85
2025-12-03 14:41:07,927 INFO o.a.j.t.JMeterThread: Thread started: Heavy Load Users 1-86
2025-12-03 14:41:07,982 INFO o.a.j.t.JMeterThread: Thread is done: Heavy Load Users 1-86
2025-12-03 14:41:07,983 INFO o.a.j.t.JMeterThread: Thread finished: Heavy Load Users 1-86
2025-12-03 14:41:08,075 INFO o.a.j.t.JMeterThread: Thread started: Heavy Load Users 1-87
2025-12-03 14:41:08,122 INFO o.a.j.t.JMeterThread: Thread is done: Heavy Load Users 1-87
2025-12-03 14:41:08,123 INFO o.a.j.t.JMeterThread: Thread finished: Heavy Load Users 1-87
2025-12-03 14:41:08,225 INFO o.a.j.t.JMeterThread: Thread started: Heavy Load Users 1-88
2025-12-03 14:41:08,281 INFO o.a.j.t.JMeterThread: Thread is done: Heavy Load Users 1-88
2025-12-03 14:41:08,281 INFO o.a.j.t.JMeterThread: Thread finished: Heavy Load Users 1-88
2025-12-03 14:41:08,376 INFO o.a.j.t.JMeterThread: Thread started: Heavy Load Users 1-89
2025-12-03 14:41:08,430 INFO o.a.j.t.JMeterThread: Thread is done: Heavy Load Users 1-89
2025-12-03 14:41:08,431 INFO o.a.j.t.JMeterThread: Thread finished: Heavy Load Users 1-89
2025-12-03 14:41:08,525 INFO o.a.j.t.JMeterThread: Thread started: Heavy Load Users 1-90
2025-12-03 14:41:08,575 INFO o.a.j.t.JMeterThread: Thread is done: Heavy Load Users 1-90
2025-12-03 14:41:08,575 INFO o.a.j.t.JMeterThread: Thread finished: Heavy Load Users 1-90
2025-12-03 14:41:08,676 INFO o.a.j.t.JMeterThread: Thread started: Heavy Load Users 1-91
2025-12-03 14:41:08,826 INFO o.a.j.t.JMeterThread: Thread started: Heavy Load Users 1-92
2025-12-03 14:41:08,846 INFO o.a.j.t.JMeterThread: Thread is done: Heavy Load Users 1-91
2025-12-03 14:41:08,847 INFO o.a.j.t.JMeterThread: Thread finished: Heavy Load Users 1-91
2025-12-03 14:41:08,890 INFO o.a.j.t.JMeterThread: Thread is done: Heavy Load Users 1-92
2025-12-03 14:41:08,890 INFO o.a.j.t.JMeterThread: Thread finished: Heavy Load Users 1-92
2025-12-03 14:41:08,982 INFO o.a.j.t.JMeterThread: Thread started: Heavy Load Users 1-93
2025-12-03 14:41:09,036 INFO o.a.j.t.JMeterThread: Thread is done: Heavy Load Users 1-93
2025-12-03 14:41:09,036 INFO o.a.j.t.JMeterThread: Thread finished: Heavy Load Users 1-93
2025-12-03 14:41:09,134 INFO o.a.j.t.JMeterThread: Thread started: Heavy Load Users 1-94
2025-12-03 14:41:09,206 INFO o.a.j.t.JMeterThread: Thread is done: Heavy Load Users 1-94
2025-12-03 14:41:09,206 INFO o.a.j.t.JMeterThread: Thread finished: Heavy Load Users 1-94
2025-12-03 14:41:09,276 INFO o.a.j.t.JMeterThread: Thread started: Heavy Load Users 1-95
2025-12-03 14:41:09,344 INFO o.a.j.t.JMeterThread: Thread is done: Heavy Load Users 1-95
2025-12-03 14:41:09,344 INFO o.a.j.t.JMeterThread: Thread finished: Heavy Load Users 1-95
2025-12-03 14:41:09,426 INFO o.a.j.t.JMeterThread: Thread started: Heavy Load Users 1-96
2025-12-03 14:41:09,490 INFO o.a.j.t.JMeterThread: Thread is done: Heavy Load Users 1-96
2025-12-03 14:41:09,491 INFO o.a.j.t.JMeterThread: Thread finished: Heavy Load Users 1-96
2025-12-03 14:41:09,576 INFO o.a.j.t.JMeterThread: Thread started: Heavy Load Users 1-97
2025-12-03 14:41:09,670 INFO o.a.j.t.JMeterThread: Thread is done: Heavy Load Users 1-97
2025-12-03 14:41:09,670 INFO o.a.j.t.JMeterThread: Thread finished: Heavy Load Users 1-97
2025-12-03 14:41:09,728 INFO o.a.j.t.JMeterThread: Thread started: Heavy Load Users 1-98
2025-12-03 14:41:09,797 INFO o.a.j.t.JMeterThread: Thread is done: Heavy Load Users 1-98
2025-12-03 14:41:09,798 INFO o.a.j.t.JMeterThread: Thread finished: Heavy Load Users 1-98
2025-12-03 14:41:09,877 INFO o.a.j.t.JMeterThread: Thread started: Heavy Load Users 1-99
2025-12-03 14:41:09,937 INFO o.a.j.t.JMeterThread: Thread is done: Heavy Load Users 1-99
2025-12-03 14:41:09,937 INFO o.a.j.t.JMeterThread: Thread finished: Heavy Load Users 1-99
2025-12-03 14:41:10,025 INFO o.a.j.t.JMeterThread: Thread started: Heavy Load Users 1-100
2025-12-03 14:41:10,075 INFO o.a.j.t.JMeterThread: Thread is done: Heavy Load Users 1-100
2025-12-03 14:41:10,076 INFO o.a.j.t.JMeterThread: Thread finished: Heavy Load Users 1-100
2025-12-03 14:41:10,176 INFO o.a.j.t.JMeterThread: Thread started: Heavy Load Users 1-101
2025-12-03 14:41:10,233 INFO o.a.j.t.JMeterThread: Thread is done: Heavy Load Users 1-101
2025-12-03 14:41:10,233 INFO o.a.j.t.JMeterThread: Thread finished: Heavy Load Users 1-101
2025-12-03 14:41:10,325 INFO o.a.j.t.JMeterThread: Thread started: Heavy Load Users 1-102
2025-12-03 14:41:10,373 INFO o.a.j.t.JMeterThread: Thread is done: Heavy Load Users 1-102
2025-12-03 14:41:10,373 INFO o.a.j.t.JMeterThread: Thread finished: Heavy Load Users 1-102
2025-12-03 14:41:10,475 INFO o.a.j.t.JMeterThread: Thread started: Heavy Load Users 1-103
2025-12-03 14:41:10,525 INFO o.a.j.t.JMeterThread: Thread is done: Heavy Load Users 1-103
2025-12-03 14:41:10,525 INFO o.a.j.t.JMeterThread: Thread finished: Heavy Load Users 1-103
2025-12-03 14:41:10,625 INFO o.a.j.t.JMeterThread: Thread started: Heavy Load Users 1-104
2025-12-03 14:41:10,684 INFO o.a.j.t.JMeterThread: Thread is done: Heavy Load Users 1-104
2025-12-03 14:41:10,684 INFO o.a.j.t.JMeterThread: Thread finished: Heavy Load Users 1-104
2025-12-03 14:41:10,775 INFO o.a.j.t.JMeterThread: Thread started: Heavy Load Users 1-105
2025-12-03 14:41:10,875 INFO o.a.j.t.JMeterThread: Thread is done: Heavy Load Users 1-105
2025-12-03 14:41:10,876 INFO o.a.j.t.JMeterThread: Thread finished: Heavy Load Users 1-105
2025-12-03 14:41:10,925 INFO o.a.j.t.JMeterThread: Thread started: Heavy Load Users 1-106
2025-12-03 14:41:10,975 INFO o.a.j.t.JMeterThread: Thread is done: Heavy Load Users 1-106
2025-12-03 14:41:10,975 INFO o.a.j.t.JMeterThread: Thread finished: Heavy Load Users 1-106
2025-12-03 14:41:11,076 INFO o.a.j.t.JMeterThread: Thread started: Heavy Load Users 1-107
2025-12-03 14:41:11,126 INFO o.a.j.t.JMeterThread: Thread is done: Heavy Load Users 1-107
2025-12-03 14:41:11,127 INFO o.a.j.t.JMeterThread: Thread finished: Heavy Load Users 1-107
2025-12-03 14:41:11,225 INFO o.a.j.t.JMeterThread: Thread started: Heavy Load Users 1-108
2025-12-03 14:41:11,278 INFO o.a.j.t.JMeterThread: Thread is done: Heavy Load Users 1-108
2025-12-03 14:41:11,279 INFO o.a.j.t.JMeterThread: Thread finished: Heavy Load Users 1-108
2025-12-03 14:41:11,375 INFO o.a.j.t.JMeterThread: Thread started: Heavy Load Users 1-109
2025-12-03 14:41:11,414 INFO o.a.j.t.JMeterThread: Thread is done: Heavy Load Users 1-109
2025-12-03 14:41:11,415 INFO o.a.j.t.JMeterThread: Thread finished: Heavy Load Users 1-109
2025-12-03 14:41:11,525 INFO o.a.j.t.JMeterThread: Thread started: Heavy Load Users 1-110
2025-12-03 14:41:11,581 INFO o.a.j.t.JMeterThread: Thread is done: Heavy Load Users 1-110
2025-12-03 14:41:11,581 INFO o.a.j.t.JMeterThread: Thread finished: Heavy Load Users 1-110
2025-12-03 14:41:11,677 INFO o.a.j.t.JMeterThread: Thread started: Heavy Load Users 1-111
2025-12-03 14:41:11,722 INFO o.a.j.t.JMeterThread: Thread is done: Heavy Load Users 1-111
2025-12-03 14:41:11,722 INFO o.a.j.t.JMeterThread: Thread finished: Heavy Load Users 1-111
2025-12-03 14:41:11,825 INFO o.a.j.t.JMeterThread: Thread started: Heavy Load Users 1-112
2025-12-03 14:41:11,869 INFO o.a.j.t.JMeterThread: Thread is done: Heavy Load Users 1-112
2025-12-03 14:41:11,870 INFO o.a.j.t.JMeterThread: Thread finished: Heavy Load Users 1-112
2025-12-03 14:41:11,976 INFO o.a.j.t.JMeterThread: Thread started: Heavy Load Users 1-113
2025-12-03 14:41:12,022 INFO o.a.j.t.JMeterThread: Thread is done: Heavy Load Users 1-113
2025-12-03 14:41:12,022 INFO o.a.j.t.JMeterThread: Thread finished: Heavy Load Users 1-113
2025-12-03 14:41:12,125 INFO o.a.j.t.JMeterThread: Thread started: Heavy Load Users 1-114
2025-12-03 14:41:12,173 INFO o.a.j.t.JMeterThread: Thread is done: Heavy Load Users 1-114
2025-12-03 14:41:12,173 INFO o.a.j.t.JMeterThread: Thread finished: Heavy Load Users 1-114
2025-12-03 14:41:12,276 INFO o.a.j.t.JMeterThread: Thread started: Heavy Load Users 1-115
2025-12-03 14:41:12,332 INFO o.a.j.t.JMeterThread: Thread is done: Heavy Load Users 1-115
2025-12-03 14:41:12,333 INFO o.a.j.t.JMeterThread: Thread finished: Heavy Load Users 1-115
2025-12-03 14:41:12,426 INFO o.a.j.t.JMeterThread: Thread started: Heavy Load Users 1-116
2025-12-03 14:41:12,477 INFO o.a.j.t.JMeterThread: Thread is done: Heavy Load Users 1-116
2025-12-03 14:41:12,477 INFO o.a.j.t.JMeterThread: Thread finished: Heavy Load Users 1-116
2025-12-03 14:41:12,575 INFO o.a.j.t.JMeterThread: Thread started: Heavy Load Users 1-117
2025-12-03 14:41:12,610 INFO o.a.j.t.JMeterThread: Thread is done: Heavy Load Users 1-117
2025-12-03 14:41:12,611 INFO o.a.j.t.JMeterThread: Thread finished: Heavy Load Users 1-117
2025-12-03 14:41:12,725 INFO o.a.j.t.JMeterThread: Thread started: Heavy Load Users 1-118
2025-12-03 14:41:12,755 INFO o.a.j.t.JMeterThread: Thread is done: Heavy Load Users 1-118
2025-12-03 14:41:12,755 INFO o.a.j.t.JMeterThread: Thread finished: Heavy Load Users 1-118
2025-12-03 14:41:12,875 INFO o.a.j.t.JMeterThread: Thread started: Heavy Load Users 1-119
2025-12-03 14:41:12,923 INFO o.a.j.t.JMeterThread: Thread is done: Heavy Load Users 1-119
2025-12-03 14:41:12,923 INFO o.a.j.t.JMeterThread: Thread finished: Heavy Load Users 1-119
2025-12-03 14:41:13,025 INFO o.a.j.t.JMeterThread: Thread started: Heavy Load Users 1-120
2025-12-03 14:41:13,073 INFO o.a.j.t.JMeterThread: Thread is done: Heavy Load Users 1-120
2025-12-03 14:41:13,073 INFO o.a.j.t.JMeterThread: Thread finished: Heavy Load Users 1-120
2025-12-03 14:41:13,174 INFO o.a.j.t.JMeterThread: Thread started: Heavy Load Users 1-121
2025-12-03 14:41:13,216 INFO o.a.j.t.JMeterThread: Thread is done: Heavy Load Users 1-121
2025-12-03 14:41:13,216 INFO o.a.j.t.JMeterThread: Thread finished: Heavy Load Users 1-121
2025-12-03 14:41:13,325 INFO o.a.j.t.JMeterThread: Thread started: Heavy Load Users 1-122
2025-12-03 14:41:13,373 INFO o.a.j.t.JMeterThread: Thread is done: Heavy Load Users 1-122
2025-12-03 14:41:13,373 INFO o.a.j.t.JMeterThread: Thread finished: Heavy Load Users 1-122
2025-12-03 14:41:13,475 INFO o.a.j.t.JMeterThread: Thread started: Heavy Load Users 1-123
2025-12-03 14:41:13,521 INFO o.a.j.t.JMeterThread: Thread is done: Heavy Load Users 1-123
2025-12-03 14:41:13,521 INFO o.a.j.t.JMeterThread: Thread finished: Heavy Load Users 1-123
2025-12-03 14:41:13,626 INFO o.a.j.t.JMeterThread: Thread started: Heavy Load Users 1-124
2025-12-03 14:41:13,675 INFO o.a.j.t.JMeterThread: Thread is done: Heavy Load Users 1-124
2025-12-03 14:41:13,675 INFO o.a.j.t.JMeterThread: Thread finished: Heavy Load Users 1-124
2025-12-03 14:41:13,777 INFO o.a.j.t.JMeterThread: Thread started: Heavy Load Users 1-125
2025-12-03 14:41:13,807 INFO o.a.j.t.JMeterThread: Thread is done: Heavy Load Users 1-125
2025-12-03 14:41:13,807 INFO o.a.j.t.JMeterThread: Thread finished: Heavy Load Users 1-125
2025-12-03 14:41:13,927 INFO o.a.j.t.JMeterThread: Thread started: Heavy Load Users 1-126
2025-12-03 14:41:13,965 INFO o.a.j.t.JMeterThread: Thread is done: Heavy Load Users 1-126
2025-12-03 14:41:13,965 INFO o.a.j.t.JMeterThread: Thread finished: Heavy Load Users 1-126
2025-12-03 14:41:14,076 INFO o.a.j.t.JMeterThread: Thread started: Heavy Load Users 1-127
2025-12-03 14:41:14,138 INFO o.a.j.t.JMeterThread: Thread is done: Heavy Load Users 1-127
2025-12-03 14:41:14,139 INFO o.a.j.t.JMeterThread: Thread finished: Heavy Load Users 1-127
2025-12-03 14:41:14,226 INFO o.a.j.t.JMeterThread: Thread started: Heavy Load Users 1-128
2025-12-03 14:41:14,278 INFO o.a.j.t.JMeterThread: Thread is done: Heavy Load Users 1-128
2025-12-03 14:41:14,278 INFO o.a.j.t.JMeterThread: Thread finished: Heavy Load Users 1-128
2025-12-03 14:41:14,376 INFO o.a.j.t.JMeterThread: Thread started: Heavy Load Users 1-129
2025-12-03 14:41:14,413 INFO o.a.j.t.JMeterThread: Thread is done: Heavy Load Users 1-129
2025-12-03 14:41:14,413 INFO o.a.j.t.JMeterThread: Thread finished: Heavy Load Users 1-129
2025-12-03 14:41:14,525 INFO o.a.j.t.JMeterThread: Thread started: Heavy Load Users 1-130
2025-12-03 14:41:14,566 INFO o.a.j.t.JMeterThread: Thread is done: Heavy Load Users 1-130
2025-12-03 14:41:14,566 INFO o.a.j.t.JMeterThread: Thread finished: Heavy Load Users 1-130
2025-12-03 14:41:14,676 INFO o.a.j.t.JMeterThread: Thread started: Heavy Load Users 1-131
2025-12-03 14:41:14,721 INFO o.a.j.t.JMeterThread: Thread is done: Heavy Load Users 1-131
2025-12-03 14:41:14,721 INFO o.a.j.t.JMeterThread: Thread finished: Heavy Load Users 1-131
2025-12-03 14:41:14,826 INFO o.a.j.t.JMeterThread: Thread started: Heavy Load Users 1-132
2025-12-03 14:41:14,877 INFO o.a.j.t.JMeterThread: Thread is done: Heavy Load Users 1-132
2025-12-03 14:41:14,878 INFO o.a.j.t.JMeterThread: Thread finished: Heavy Load Users 1-132
2025-12-03 14:41:14,975 INFO o.a.j.t.JMeterThread: Thread started: Heavy Load Users 1-133
2025-12-03 14:41:15,017 INFO o.a.j.t.JMeterThread: Thread is done: Heavy Load Users 1-133
2025-12-03 14:41:15,017 INFO o.a.j.t.JMeterThread: Thread finished: Heavy Load Users 1-133
2025-12-03 14:41:15,125 INFO o.a.j.t.JMeterThread: Thread started: Heavy Load Users 1-134
2025-12-03 14:41:15,189 INFO o.a.j.t.JMeterThread: Thread is done: Heavy Load Users 1-134
2025-12-03 14:41:15,190 INFO o.a.j.t.JMeterThread: Thread finished: Heavy Load Users 1-134
2025-12-03 14:41:15,275 INFO o.a.j.t.JMeterThread: Thread started: Heavy Load Users 1-135
2025-12-03 14:41:15,328 INFO o.a.j.t.JMeterThread: Thread is done: Heavy Load Users 1-135
2025-12-03 14:41:15,329 INFO o.a.j.t.JMeterThread: Thread finished: Heavy Load Users 1-135
2025-12-03 14:41:15,425 INFO o.a.j.t.JMeterThread: Thread started: Heavy Load Users 1-136
2025-12-03 14:41:15,477 INFO o.a.j.t.JMeterThread: Thread is done: Heavy Load Users 1-136
2025-12-03 14:41:15,478 INFO o.a.j.t.JMeterThread: Thread finished: Heavy Load Users 1-136
2025-12-03 14:41:15,576 INFO o.a.j.t.JMeterThread: Thread started: Heavy Load Users 1-137
2025-12-03 14:41:15,726 INFO o.a.j.t.JMeterThread: Thread started: Heavy Load Users 1-138
2025-12-03 14:41:15,785 INFO o.a.j.t.JMeterThread: Thread is done: Heavy Load Users 1-137
2025-12-03 14:41:15,786 INFO o.a.j.t.JMeterThread: Thread finished: Heavy Load Users 1-137
2025-12-03 14:41:15,830 INFO o.a.j.t.JMeterThread: Thread is done: Heavy Load Users 1-138
2025-12-03 14:41:15,830 INFO o.a.j.t.JMeterThread: Thread finished: Heavy Load Users 1-138
2025-12-03 14:41:15,875 INFO o.a.j.t.JMeterThread: Thread started: Heavy Load Users 1-139
2025-12-03 14:41:15,917 INFO o.a.j.t.JMeterThread: Thread is done: Heavy Load Users 1-139
2025-12-03 14:41:15,918 INFO o.a.j.t.JMeterThread: Thread finished: Heavy Load Users 1-139
2025-12-03 14:41:16,027 INFO o.a.j.t.JMeterThread: Thread started: Heavy Load Users 1-140
2025-12-03 14:41:16,097 INFO o.a.j.t.JMeterThread: Thread is done: Heavy Load Users 1-140
2025-12-03 14:41:16,099 INFO o.a.j.t.JMeterThread: Thread finished: Heavy Load Users 1-140
2025-12-03 14:41:16,176 INFO o.a.j.t.JMeterThread: Thread started: Heavy Load Users 1-141
2025-12-03 14:41:16,233 INFO o.a.j.t.JMeterThread: Thread is done: Heavy Load Users 1-141
2025-12-03 14:41:16,234 INFO o.a.j.t.JMeterThread: Thread finished: Heavy Load Users 1-141
2025-12-03 14:41:16,325 INFO o.a.j.t.JMeterThread: Thread started: Heavy Load Users 1-142
2025-12-03 14:41:16,370 INFO o.a.j.t.JMeterThread: Thread is done: Heavy Load Users 1-142
2025-12-03 14:41:16,370 INFO o.a.j.t.JMeterThread: Thread finished: Heavy Load Users 1-142
2025-12-03 14:41:16,475 INFO o.a.j.t.JMeterThread: Thread started: Heavy Load Users 1-143
2025-12-03 14:41:16,522 INFO o.a.j.t.JMeterThread: Thread is done: Heavy Load Users 1-143
2025-12-03 14:41:16,522 INFO o.a.j.t.JMeterThread: Thread finished: Heavy Load Users 1-143
2025-12-03 14:41:16,624 INFO o.a.j.t.JMeterThread: Thread started: Heavy Load Users 1-144
2025-12-03 14:41:16,663 INFO o.a.j.t.JMeterThread: Thread is done: Heavy Load Users 1-144
2025-12-03 14:41:16,663 INFO o.a.j.t.JMeterThread: Thread finished: Heavy Load Users 1-144
2025-12-03 14:41:16,776 INFO o.a.j.t.JMeterThread: Thread started: Heavy Load Users 1-145
2025-12-03 14:41:16,815 INFO o.a.j.t.JMeterThread: Thread is done: Heavy Load Users 1-145
2025-12-03 14:41:16,816 INFO o.a.j.t.JMeterThread: Thread finished: Heavy Load Users 1-145
2025-12-03 14:41:16,926 INFO o.a.j.t.JMeterThread: Thread started: Heavy Load Users 1-146
2025-12-03 14:41:16,970 INFO o.a.j.t.JMeterThread: Thread is done: Heavy Load Users 1-146
2025-12-03 14:41:16,971 INFO o.a.j.t.JMeterThread: Thread finished: Heavy Load Users 1-146
2025-12-03 14:41:17,076 INFO o.a.j.t.JMeterThread: Thread started: Heavy Load Users 1-147
2025-12-03 14:41:17,130 INFO o.a.j.t.JMeterThread: Thread is done: Heavy Load Users 1-147
2025-12-03 14:41:17,130 INFO o.a.j.t.JMeterThread: Thread finished: Heavy Load Users 1-147
2025-12-03 14:41:17,225 INFO o.a.j.t.JMeterThread: Thread started: Heavy Load Users 1-148
2025-12-03 14:41:17,269 INFO o.a.j.t.JMeterThread: Thread is done: Heavy Load Users 1-148
2025-12-03 14:41:17,269 INFO o.a.j.t.JMeterThread: Thread finished: Heavy Load Users 1-148
2025-12-03 14:41:17,375 INFO o.a.j.t.JMeterThread: Thread started: Heavy Load Users 1-149
2025-12-03 14:41:17,418 INFO o.a.j.t.JMeterThread: Thread is done: Heavy Load Users 1-149
2025-12-03 14:41:17,419 INFO o.a.j.t.JMeterThread: Thread finished: Heavy Load Users 1-149
2025-12-03 14:41:17,525 INFO o.a.j.t.JMeterThread: Thread started: Heavy Load Users 1-150
2025-12-03 14:41:17,559 INFO o.a.j.t.JMeterThread: Thread is done: Heavy Load Users 1-150
2025-12-03 14:41:17,559 INFO o.a.j.t.JMeterThread: Thread finished: Heavy Load Users 1-150
2025-12-03 14:41:17,675 INFO o.a.j.t.JMeterThread: Thread started: Heavy Load Users 1-151
2025-12-03 14:41:17,706 INFO o.a.j.t.JMeterThread: Thread is done: Heavy Load Users 1-151
2025-12-03 14:41:17,706 INFO o.a.j.t.JMeterThread: Thread finished: Heavy Load Users 1-151
2025-12-03 14:41:17,825 INFO o.a.j.t.JMeterThread: Thread started: Heavy Load Users 1-152
2025-12-03 14:41:17,865 INFO o.a.j.t.JMeterThread: Thread is done: Heavy Load Users 1-152
2025-12-03 14:41:17,866 INFO o.a.j.t.JMeterThread: Thread finished: Heavy Load Users 1-152
2025-12-03 14:41:17,974 INFO o.a.j.t.JMeterThread: Thread started: Heavy Load Users 1-153
2025-12-03 14:41:18,006 INFO o.a.j.t.JMeterThread: Thread is done: Heavy Load Users 1-153
2025-12-03 14:41:18,008 INFO o.a.j.t.JMeterThread: Thread finished: Heavy Load Users 1-153
2025-12-03 14:41:18,126 INFO o.a.j.t.JMeterThread: Thread started: Heavy Load Users 1-154
2025-12-03 14:41:18,164 INFO o.a.j.t.JMeterThread: Thread is done: Heavy Load Users 1-154
2025-12-03 14:41:18,164 INFO o.a.j.t.JMeterThread: Thread finished: Heavy Load Users 1-154
2025-12-03 14:41:18,275 INFO o.a.j.t.JMeterThread: Thread started: Heavy Load Users 1-155
2025-12-03 14:41:18,312 INFO o.a.j.t.JMeterThread: Thread is done: Heavy Load Users 1-155
2025-12-03 14:41:18,312 INFO o.a.j.t.JMeterThread: Thread finished: Heavy Load Users 1-155
2025-12-03 14:41:18,426 INFO o.a.j.t.JMeterThread: Thread started: Heavy Load Users 1-156
2025-12-03 14:41:18,480 INFO o.a.j.t.JMeterThread: Thread is done: Heavy Load Users 1-156
2025-12-03 14:41:18,480 INFO o.a.j.t.JMeterThread: Thread finished: Heavy Load Users 1-156
2025-12-03 14:41:18,575 INFO o.a.j.t.JMeterThread: Thread started: Heavy Load Users 1-157
2025-12-03 14:41:18,607 INFO o.a.j.t.JMeterThread: Thread is done: Heavy Load Users 1-157
2025-12-03 14:41:18,608 INFO o.a.j.t.JMeterThread: Thread finished: Heavy Load Users 1-157
2025-12-03 14:41:18,725 INFO o.a.j.t.JMeterThread: Thread started: Heavy Load Users 1-158
2025-12-03 14:41:18,750 INFO o.a.j.t.JMeterThread: Thread is done: Heavy Load Users 1-158
2025-12-03 14:41:18,750 INFO o.a.j.t.JMeterThread: Thread finished: Heavy Load Users 1-158
2025-12-03 14:41:18,875 INFO o.a.j.t.JMeterThread: Thread started: Heavy Load Users 1-159
2025-12-03 14:41:18,910 INFO o.a.j.t.JMeterThread: Thread is done: Heavy Load Users 1-159
2025-12-03 14:41:18,910 INFO o.a.j.t.JMeterThread: Thread finished: Heavy Load Users 1-159
2025-12-03 14:41:19,027 INFO o.a.j.t.JMeterThread: Thread started: Heavy Load Users 1-160
2025-12-03 14:41:19,068 INFO o.a.j.t.JMeterThread: Thread is done: Heavy Load Users 1-160
2025-12-03 14:41:19,068 INFO o.a.j.t.JMeterThread: Thread finished: Heavy Load Users 1-160
2025-12-03 14:41:19,175 INFO o.a.j.t.JMeterThread: Thread started: Heavy Load Users 1-161
2025-12-03 14:41:19,214 INFO o.a.j.t.JMeterThread: Thread is done: Heavy Load Users 1-161
2025-12-03 14:41:19,215 INFO o.a.j.t.JMeterThread: Thread finished: Heavy Load Users 1-161
2025-12-03 14:41:19,326 INFO o.a.j.t.JMeterThread: Thread started: Heavy Load Users 1-162
2025-12-03 14:41:19,367 INFO o.a.j.t.JMeterThread: Thread is done: Heavy Load Users 1-162
2025-12-03 14:41:19,367 INFO o.a.j.t.JMeterThread: Thread finished: Heavy Load Users 1-162
2025-12-03 14:41:19,475 INFO o.a.j.t.JMeterThread: Thread started: Heavy Load Users 1-163
2025-12-03 14:41:19,513 INFO o.a.j.t.JMeterThread: Thread is done: Heavy Load Users 1-163
2025-12-03 14:41:19,514 INFO o.a.j.t.JMeterThread: Thread finished: Heavy Load Users 1-163
2025-12-03 14:41:19,625 INFO o.a.j.t.JMeterThread: Thread started: Heavy Load Users 1-164
2025-12-03 14:41:19,668 INFO o.a.j.t.JMeterThread: Thread is done: Heavy Load Users 1-164
2025-12-03 14:41:19,668 INFO o.a.j.t.JMeterThread: Thread finished: Heavy Load Users 1-164
2025-12-03 14:41:19,775 INFO o.a.j.t.JMeterThread: Thread started: Heavy Load Users 1-165
2025-12-03 14:41:19,813 INFO o.a.j.t.JMeterThread: Thread is done: Heavy Load Users 1-165
2025-12-03 14:41:19,813 INFO o.a.j.t.JMeterThread: Thread finished: Heavy Load Users 1-165
2025-12-03 14:41:19,928 INFO o.a.j.t.JMeterThread: Thread started: Heavy Load Users 1-166
2025-12-03 14:41:19,966 INFO o.a.j.t.JMeterThread: Thread is done: Heavy Load Users 1-166
2025-12-03 14:41:19,966 INFO o.a.j.t.JMeterThread: Thread finished: Heavy Load Users 1-166
2025-12-03 14:41:20,076 INFO o.a.j.t.JMeterThread: Thread started: Heavy Load Users 1-167
2025-12-03 14:41:20,110 INFO o.a.j.t.JMeterThread: Thread is done: Heavy Load Users 1-167
2025-12-03 14:41:20,110 INFO o.a.j.t.JMeterThread: Thread finished: Heavy Load Users 1-167
2025-12-03 14:41:20,225 INFO o.a.j.t.JMeterThread: Thread started: Heavy Load Users 1-168
2025-12-03 14:41:20,254 INFO o.a.j.t.JMeterThread: Thread is done: Heavy Load Users 1-168
2025-12-03 14:41:20,254 INFO o.a.j.t.JMeterThread: Thread finished: Heavy Load Users 1-168
2025-12-03 14:41:20,376 INFO o.a.j.t.JMeterThread: Thread started: Heavy Load Users 1-169
2025-12-03 14:41:20,407 INFO o.a.j.t.JMeterThread: Thread is done: Heavy Load Users 1-169
2025-12-03 14:41:20,407 INFO o.a.j.t.JMeterThread: Thread finished: Heavy Load Users 1-169
2025-12-03 14:41:20,527 INFO o.a.j.t.JMeterThread: Thread started: Heavy Load Users 1-170
2025-12-03 14:41:20,560 INFO o.a.j.t.JMeterThread: Thread is done: Heavy Load Users 1-170
2025-12-03 14:41:20,561 INFO o.a.j.t.JMeterThread: Thread finished: Heavy Load Users 1-170
2025-12-03 14:41:20,677 INFO o.a.j.t.JMeterThread: Thread started: Heavy Load Users 1-171
2025-12-03 14:41:20,704 INFO o.a.j.t.JMeterThread: Thread is done: Heavy Load Users 1-171
2025-12-03 14:41:20,704 INFO o.a.j.t.JMeterThread: Thread finished: Heavy Load Users 1-171
2025-12-03 14:41:20,826 INFO o.a.j.t.JMeterThread: Thread started: Heavy Load Users 1-172
2025-12-03 14:41:20,930 INFO o.a.j.t.JMeterThread: Thread is done: Heavy Load Users 1-172
2025-12-03 14:41:20,930 INFO o.a.j.t.JMeterThread: Thread finished: Heavy Load Users 1-172
2025-12-03 14:41:20,975 INFO o.a.j.t.JMeterThread: Thread started: Heavy Load Users 1-173
2025-12-03 14:41:21,005 INFO o.a.j.t.JMeterThread: Thread is done: Heavy Load Users 1-173
2025-12-03 14:41:21,006 INFO o.a.j.t.JMeterThread: Thread finished: Heavy Load Users 1-173
2025-12-03 14:41:21,126 INFO o.a.j.t.JMeterThread: Thread started: Heavy Load Users 1-174
2025-12-03 14:41:21,155 INFO o.a.j.t.JMeterThread: Thread is done: Heavy Load Users 1-174
2025-12-03 14:41:21,155 INFO o.a.j.t.JMeterThread: Thread finished: Heavy Load Users 1-174
2025-12-03 14:41:21,276 INFO o.a.j.t.JMeterThread: Thread started: Heavy Load Users 1-175
2025-12-03 14:41:21,306 INFO o.a.j.t.JMeterThread: Thread is done: Heavy Load Users 1-175
2025-12-03 14:41:21,306 INFO o.a.j.t.JMeterThread: Thread finished: Heavy Load Users 1-175
2025-12-03 14:41:21,425 INFO o.a.j.t.JMeterThread: Thread started: Heavy Load Users 1-176
2025-12-03 14:41:21,468 INFO o.a.j.t.JMeterThread: Thread is done: Heavy Load Users 1-176
2025-12-03 14:41:21,468 INFO o.a.j.t.JMeterThread: Thread finished: Heavy Load Users 1-176
2025-12-03 14:41:21,575 INFO o.a.j.t.JMeterThread: Thread started: Heavy Load Users 1-177
2025-12-03 14:41:21,619 INFO o.a.j.t.JMeterThread: Thread is done: Heavy Load Users 1-177
2025-12-03 14:41:21,619 INFO o.a.j.t.JMeterThread: Thread finished: Heavy Load Users 1-177
2025-12-03 14:41:21,725 INFO o.a.j.t.JMeterThread: Thread started: Heavy Load Users 1-178
2025-12-03 14:41:21,749 INFO o.a.j.t.JMeterThread: Thread is done: Heavy Load Users 1-178
2025-12-03 14:41:21,749 INFO o.a.j.t.JMeterThread: Thread finished: Heavy Load Users 1-178
2025-12-03 14:41:21,877 INFO o.a.j.t.JMeterThread: Thread started: Heavy Load Users 1-179
2025-12-03 14:41:21,902 INFO o.a.j.t.JMeterThread: Thread is done: Heavy Load Users 1-179
2025-12-03 14:41:21,903 INFO o.a.j.t.JMeterThread: Thread finished: Heavy Load Users 1-179
2025-12-03 14:41:22,026 INFO o.a.j.t.JMeterThread: Thread started: Heavy Load Users 1-180
2025-12-03 14:41:22,067 INFO o.a.j.t.JMeterThread: Thread is done: Heavy Load Users 1-180
2025-12-03 14:41:22,067 INFO o.a.j.t.JMeterThread: Thread finished: Heavy Load Users 1-180
2025-12-03 14:41:22,176 INFO o.a.j.t.JMeterThread: Thread started: Heavy Load Users 1-181
2025-12-03 14:41:22,206 INFO o.a.j.t.JMeterThread: Thread is done: Heavy Load Users 1-181
2025-12-03 14:41:22,207 INFO o.a.j.t.JMeterThread: Thread finished: Heavy Load Users 1-181
2025-12-03 14:41:22,326 INFO o.a.j.t.JMeterThread: Thread started: Heavy Load Users 1-182
2025-12-03 14:41:22,360 INFO o.a.j.t.JMeterThread: Thread is done: Heavy Load Users 1-182
2025-12-03 14:41:22,360 INFO o.a.j.t.JMeterThread: Thread finished: Heavy Load Users 1-182
2025-12-03 14:41:22,475 INFO o.a.j.t.JMeterThread: Thread started: Heavy Load Users 1-183
2025-12-03 14:41:22,527 INFO o.a.j.t.JMeterThread: Thread is done: Heavy Load Users 1-183
2025-12-03 14:41:22,527 INFO o.a.j.t.JMeterThread: Thread finished: Heavy Load Users 1-183
2025-12-03 14:41:22,626 INFO o.a.j.t.JMeterThread: Thread started: Heavy Load Users 1-184
2025-12-03 14:41:22,677 INFO o.a.j.t.JMeterThread: Thread is done: Heavy Load Users 1-184
2025-12-03 14:41:22,677 INFO o.a.j.t.JMeterThread: Thread finished: Heavy Load Users 1-184
2025-12-03 14:41:22,775 INFO o.a.j.t.JMeterThread: Thread started: Heavy Load Users 1-185
2025-12-03 14:41:22,802 INFO o.a.j.t.JMeterThread: Thread is done: Heavy Load Users 1-185
2025-12-03 14:41:22,802 INFO o.a.j.t.JMeterThread: Thread finished: Heavy Load Users 1-185
2025-12-03 14:41:22,926 INFO o.a.j.t.JMeterThread: Thread started: Heavy Load Users 1-186
2025-12-03 14:41:22,981 INFO o.a.j.t.JMeterThread: Thread is done: Heavy Load Users 1-186
2025-12-03 14:41:22,981 INFO o.a.j.t.JMeterThread: Thread finished: Heavy Load Users 1-186
2025-12-03 14:41:23,076 INFO o.a.j.t.JMeterThread: Thread started: Heavy Load Users 1-187
2025-12-03 14:41:23,112 INFO o.a.j.t.JMeterThread: Thread is done: Heavy Load Users 1-187
2025-12-03 14:41:23,113 INFO o.a.j.t.JMeterThread: Thread finished: Heavy Load Users 1-187
2025-12-03 14:41:23,225 INFO o.a.j.t.JMeterThread: Thread started: Heavy Load Users 1-188
2025-12-03 14:41:23,260 INFO o.a.j.t.JMeterThread: Thread is done: Heavy Load Users 1-188
2025-12-03 14:41:23,260 INFO o.a.j.t.JMeterThread: Thread finished: Heavy Load Users 1-188
2025-12-03 14:41:23,376 INFO o.a.j.t.JMeterThread: Thread started: Heavy Load Users 1-189
2025-12-03 14:41:23,428 INFO o.a.j.t.JMeterThread: Thread is done: Heavy Load Users 1-189
2025-12-03 14:41:23,428 INFO o.a.j.t.JMeterThread: Thread finished: Heavy Load Users 1-189
2025-12-03 14:41:23,525 INFO o.a.j.t.JMeterThread: Thread started: Heavy Load Users 1-190
2025-12-03 14:41:23,562 INFO o.a.j.t.JMeterThread: Thread is done: Heavy Load Users 1-190
2025-12-03 14:41:23,562 INFO o.a.j.t.JMeterThread: Thread finished: Heavy Load Users 1-190
2025-12-03 14:41:23,675 INFO o.a.j.t.JMeterThread: Thread started: Heavy Load Users 1-191
2025-12-03 14:41:23,702 INFO o.a.j.t.JMeterThread: Thread is done: Heavy Load Users 1-191
2025-12-03 14:41:23,703 INFO o.a.j.t.JMeterThread: Thread finished: Heavy Load Users 1-191
2025-12-03 14:41:23,825 INFO o.a.j.t.JMeterThread: Thread started: Heavy Load Users 1-192
2025-12-03 14:41:23,853 INFO o.a.j.t.JMeterThread: Thread is done: Heavy Load Users 1-192
2025-12-03 14:41:23,853 INFO o.a.j.t.JMeterThread: Thread finished: Heavy Load Users 1-192
2025-12-03 14:41:23,976 INFO o.a.j.t.JMeterThread: Thread started: Heavy Load Users 1-193
2025-12-03 14:41:24,005 INFO o.a.j.t.JMeterThread: Thread is done: Heavy Load Users 1-193
2025-12-03 14:41:24,006 INFO o.a.j.t.JMeterThread: Thread finished: Heavy Load Users 1-193
2025-12-03 14:41:24,125 INFO o.a.j.t.JMeterThread: Thread started: Heavy Load Users 1-194
2025-12-03 14:41:24,159 INFO o.a.j.t.JMeterThread: Thread is done: Heavy Load Users 1-194
2025-12-03 14:41:24,159 INFO o.a.j.t.JMeterThread: Thread finished: Heavy Load Users 1-194
2025-12-03 14:41:24,276 INFO o.a.j.t.JMeterThread: Thread started: Heavy Load Users 1-195
2025-12-03 14:41:24,310 INFO o.a.j.t.JMeterThread: Thread is done: Heavy Load Users 1-195
2025-12-03 14:41:24,310 INFO o.a.j.t.JMeterThread: Thread finished: Heavy Load Users 1-195
2025-12-03 14:41:24,425 INFO o.a.j.t.JMeterThread: Thread started: Heavy Load Users 1-196
2025-12-03 14:41:24,561 INFO o.a.j.t.JMeterThread: Thread is done: Heavy Load Users 1-196
2025-12-03 14:41:24,562 INFO o.a.j.t.JMeterThread: Thread finished: Heavy Load Users 1-196
2025-12-03 14:41:24,575 INFO o.a.j.t.JMeterThread: Thread started: Heavy Load Users 1-197
2025-12-03 14:41:24,608 INFO o.a.j.t.JMeterThread: Thread is done: Heavy Load Users 1-197
2025-12-03 14:41:24,608 INFO o.a.j.t.JMeterThread: Thread finished: Heavy Load Users 1-197
2025-12-03 14:41:24,726 INFO o.a.j.t.JMeterThread: Thread started: Heavy Load Users 1-198
2025-12-03 14:41:24,751 INFO o.a.j.t.JMeterThread: Thread is done: Heavy Load Users 1-198
2025-12-03 14:41:24,752 INFO o.a.j.t.JMeterThread: Thread finished: Heavy Load Users 1-198
2025-12-03 14:41:24,876 INFO o.a.j.t.JMeterThread: Thread started: Heavy Load Users 1-199
2025-12-03 14:41:24,922 INFO o.a.j.t.JMeterThread: Thread is done: Heavy Load Users 1-199
2025-12-03 14:41:24,922 INFO o.a.j.t.JMeterThread: Thread finished: Heavy Load Users 1-199
2025-12-03 14:41:25,027 INFO o.a.j.t.JMeterThread: Thread started: Heavy Load Users 1-200
2025-12-03 14:41:25,068 INFO o.a.j.t.JMeterThread: Thread is done: Heavy Load Users 1-200
2025-12-03 14:41:25,068 INFO o.a.j.t.JMeterThread: Thread finished: Heavy Load Users 1-200
2025-12-03 14:41:25,068 INFO o.a.j.e.StandardJMeterEngine: Notifying test listeners of end of test
2025-12-03 14:41:25,069 INFO o.a.j.r.Summariser: summary +  13480 in 00:00:25 =  537.7/s Avg:     0 Min:     0 Max:    19 Err: 13480 (100.00%) Active: 0 Started: 200 Finished: 200
2025-12-03 14:41:25,070 INFO o.a.j.r.Summariser: summary =  16000 in 00:00:30 =  534.4/s Avg:     0 Min:     0 Max:    43 Err: 16000 (100.00%)
