2025-12-03 13:42:01,361 INFO o.a.j.u.JMeterUtils: Setting Locale to en_EN
2025-12-03 13:42:01,395 INFO o.a.j.JMeter: Loading user properties from: /opt/jmeter/bin/user.properties
2025-12-03 13:42:01,396 INFO o.a.j.JMeter: Loading system properties from: /opt/jmeter/bin/system.properties
2025-12-03 13:42:01,397 INFO o.a.j.JMeter: Setting JMeter property: jmeter.save.saveservice.output_format=csv
2025-12-03 13:42:01,397 INFO o.a.j.JMeter: Setting JMeter property: jmeter.save.saveservice.thread_counts=true
2025-12-03 13:42:01,398 INFO o.a.j.JMeter: Setting JMeter property: jmeter.save.saveservice.assertion_results=none
2025-12-03 13:42:01,405 INFO o.a.j.JMeter: Copyright (c) 1998-2023 The Apache Software Foundation
2025-12-03 13:42:01,405 INFO o.a.j.JMeter: Version 5.6.2
2025-12-03 13:42:01,406 INFO o.a.j.JMeter: java.version=11.0.29
2025-12-03 13:42:01,406 INFO o.a.j.JMeter: java.vm.name=OpenJDK 64-Bit Server VM
2025-12-03 13:42:01,406 INFO o.a.j.JMeter: os.name=Linux
2025-12-03 13:42:01,407 INFO o.a.j.JMeter: os.arch=amd64
2025-12-03 13:42:01,407 INFO o.a.j.JMeter: os.version=6.6.87.2-microsoft-standard-WSL2
2025-12-03 13:42:01,407 INFO o.a.j.JMeter: file.encoding=UTF-8
2025-12-03 13:42:01,407 INFO o.a.j.JMeter: java.awt.headless=true
2025-12-03 13:42:01,408 INFO o.a.j.JMeter: Max memory     =1073741824
2025-12-03 13:42:01,408 INFO o.a.j.JMeter: Available Processors =8
2025-12-03 13:42:01,419 INFO o.a.j.JMeter: Default Locale=English (EN)
2025-12-03 13:42:01,420 INFO o.a.j.JMeter: JMeter  Locale=English (EN)
2025-12-03 13:42:01,420 INFO o.a.j.JMeter: JMeterHome=/opt/jmeter
2025-12-03 13:42:01,420 INFO o.a.j.JMeter: user.dir  =/tmp/jmx_controller_sessions/9f7206109f584fb884bba856079f6461
2025-12-03 13:42:01,420 INFO o.a.j.JMeter: PWD       =/tmp/jmx_controller_sessions/9f7206109f584fb884bba856079f6461
2025-12-03 13:42:01,421 INFO o.a.j.JMeter: IP: 172.18.0.2 Name: 34d0f17a8427 FullName: 34d0f17a8427
2025-12-03 13:42:01,439 INFO o.a.j.s.FileServer: Default base='/tmp/jmx_controller_sessions/9f7206109f584fb884bba856079f6461'
2025-12-03 13:42:01,441 INFO o.a.j.s.FileServer: Set new base='/tmp/jmx_controller_sessions/9f7206109f584fb884bba856079f6461'
2025-12-03 13:42:01,648 INFO o.a.j.s.SaveService: Testplan (JMX) version: 2.2. Testlog (JTL) version: 2.2
2025-12-03 13:42:01,675 INFO o.a.j.s.SaveService: Using SaveService properties version 5.0
2025-12-03 13:42:01,679 INFO o.a.j.s.SaveService: Using SaveService properties file encoding UTF-8
2025-12-03 13:42:01,683 INFO o.a.j.s.SaveService: Loading file: /tmp/jmx_controller_sessions/9f7206109f584fb884bba856079f6461/dummy.jmx
2025-12-03 13:42:01,753 INFO o.a.j.p.h.s.HTTPSamplerBase: Parser for text/html is org.apache.jmeter.protocol.http.parser.LagartoBasedHtmlParser
2025-12-03 13:42:01,754 INFO o.a.j.p.h.s.HTTPSamplerBase: Parser for application/xhtml+xml is org.apache.jmeter.protocol.http.parser.LagartoBasedHtmlParser
2025-12-03 13:42:01,755 INFO o.a.j.p.h.s.HTTPSamplerBase: Parser for application/xml is org.apache.jmeter.protocol.http.parser.LagartoBasedHtmlParser
2025-12-03 13:42:01,755 INFO o.a.j.p.h.s.HTTPSamplerBase: Parser for text/xml is org.apache.jmeter.protocol.http.parser.LagartoBasedHtmlParser
2025-12-03 13:42:01,755 INFO o.a.j.p.h.s.HTTPSamplerBase: Parser for text/vnd.wap.wml is org.apache.jmeter.protocol.http.parser.RegexpHTMLParser
2025-12-03 13:42:01,755 INFO o.a.j.p.h.s.HTTPSamplerBase: Parser for text/css is org.apache.jmeter.protocol.http.parser.CssParser
2025-12-03 13:42:01,766 INFO o.a.j.JMeter: Creating summariser <summary>
2025-12-03 13:42:01,787 INFO o.a.j.e.StandardJMeterEngine: Running the test!
2025-12-03 13:42:01,788 INFO o.a.j.s.SampleEvent: List of sample_variables: []
2025-12-03 13:42:01,788 INFO o.a.j.s.SampleEvent: List of sample_variables: []
2025-12-03 13:42:01,805 INFO o.a.j.e.u.CompoundVariable: Note: Function class names must contain the string: '.functions.'
2025-12-03 13:42:01,809 INFO o.a.j.e.u.CompoundVariable: Note: Function class names must not contain the string: '.gui.'
2025-12-03 13:42:02,087 INFO o.a.j.JMeter: Running test (1764769322087)
2025-12-03 13:42:02,143 INFO o.a.j.e.StandardJMeterEngine: Starting ThreadGroup: 1 : Dummy Thread Group
2025-12-03 13:42:02,144 INFO o.a.j.e.StandardJMeterEngine: Starting 1 threads for group Dummy Thread Group.
2025-12-03 13:42:02,144 INFO o.a.j.e.StandardJMeterEngine: Thread will continue on error
2025-12-03 13:42:02,145 INFO o.a.j.t.ThreadGroup: Starting thread group... number=1 threads=1 ramp-up=1 delayedStart=false
2025-12-03 13:42:02,150 INFO o.a.j.t.ThreadGroup: Started thread group number 1
2025-12-03 13:42:02,151 INFO o.a.j.e.StandardJMeterEngine: All thread groups have been started
2025-12-03 13:42:02,161 INFO o.a.j.t.JMeterThread: Thread started: Dummy Thread Group 1-1
2025-12-03 13:42:02,195 INFO o.a.j.p.h.s.HTTPHCAbstractImpl: Local host = 34d0f17a8427
2025-12-03 13:42:02,205 INFO o.a.j.p.h.s.HTTPHC4Impl: HTTP request retry count = 0
2025-12-03 13:42:02,207 INFO o.a.j.s.SampleResult: Note: Sample TimeStamps are START times
2025-12-03 13:42:02,207 INFO o.a.j.s.SampleResult: sampleresult.default.encoding is set to UTF-8
2025-12-03 13:42:02,208 INFO o.a.j.s.SampleResult: sampleresult.useNanoTime=true
2025-12-03 13:42:02,208 INFO o.a.j.s.SampleResult: sampleresult.nanoThreadSleep=5000
2025-12-03 13:42:05,338 INFO o.a.j.r.Summariser: summary +      1 in 00:00:03 =    0.3/s Avg:  3027 Min:  3027 Max:  3027 Err:     0 (0.00%) Active: 1 Started: 1 Finished: 0
2025-12-03 13:42:15,048 INFO o.a.j.t.JMeterThread: Thread is done: Dummy Thread Group 1-1
2025-12-03 13:42:15,049 INFO o.a.j.t.JMeterThread: Thread finished: Dummy Thread Group 1-1
2025-12-03 13:42:15,050 INFO o.a.j.e.StandardJMeterEngine: Notifying test listeners of end of test
2025-12-03 13:42:15,053 INFO o.a.j.r.Summariser: summary +      2 in 00:00:10 =    0.2/s Avg:  4855 Min:  3786 Max:  5924 Err:     0 (0.00%) Active: 0 Started: 1 Finished: 1
2025-12-03 13:42:15,054 INFO o.a.j.r.Summariser: summary =      3 in 00:00:13 =    0.2/s Avg:  4245 Min:  3027 Max:  5924 Err:     0 (0.00%)
